Copyright 1986-2018 Xilinx, Inc. All Rights Reserved.
-------------------------------------------------------------------------------------------
| Tool Version : Vivado v.2018.2 (lin64) Build 2258646 Thu Jun 14 20:02:38 MDT 2018
| Date         : Fri Jun 18 22:46:05 2021
| Host         : peter-CFMX4-1L running 64-bit elementary OS 5.1.7 Hera
| Command      : report_control_sets -verbose -file system_wrapper_control_sets_placed.rpt
| Design       : system_wrapper
| Device       : xc7z020
-------------------------------------------------------------------------------------------

Control Set Information

Table of Contents
-----------------
1. Summary
2. Histogram
3. Flip-Flop Distribution
4. Detailed Control Set Information

1. Summary
----------

+----------------------------------------------------------+-------+
|                          Status                          | Count |
+----------------------------------------------------------+-------+
| Number of unique control sets                            |    61 |
| Unused register locations in slices containing registers |    48 |
+----------------------------------------------------------+-------+


2. Histogram
------------

+--------+--------------+
| Fanout | Control Sets |
+--------+--------------+
|      4 |            1 |
|      8 |           13 |
|     10 |            2 |
|     12 |            1 |
|    16+ |           44 |
+--------+--------------+


3. Flip-Flop Distribution
-------------------------

+--------------+-----------------------+------------------------+-----------------+--------------+
| Clock Enable | Synchronous Set/Reset | Asynchronous Set/Reset | Total Registers | Total Slices |
+--------------+-----------------------+------------------------+-----------------+--------------+
| No           | No                    | No                     |             372 |           70 |
| No           | No                    | Yes                    |               0 |            0 |
| No           | Yes                   | No                     |             296 |           45 |
| Yes          | No                    | No                     |             904 |          104 |
| Yes          | No                    | Yes                    |               0 |            0 |
| Yes          | Yes                   | No                     |             460 |           53 |
+--------------+-----------------------+------------------------+-----------------+--------------+


4. Detailed Control Set Information
-----------------------------------

+-----------------------------------------------+--------------------------------------------------------------------------------------------------------------------------------------------------------------+------------------------------------------------------------------------------------------------------------------------------------------+------------------+----------------+
|                  Clock Signal                 |                                                                         Enable Signal                                                                        |                                                             Set/Reset Signal                                                             | Slice Load Count | Bel Load Count |
+-----------------------------------------------+--------------------------------------------------------------------------------------------------------------------------------------------------------------+------------------------------------------------------------------------------------------------------------------------------------------+------------------+----------------+
|  system_i/processing_system7_0/inst/FCLK_CLK0 | system_i/ps7_0_axi_periph/s00_couplers/auto_pc/inst/gen_axilite.gen_b2s_conv.axilite_b2s/WR.b_channel_0/bid_fifo_0/bresp_push                                |                                                                                                                                          |                1 |              4 |
|  system_i/processing_system7_0/inst/FCLK_CLK0 | system_i/switches/U0/AXI_LITE_IPIF_I/I_SLAVE_ATTACHMENT/start2                                                                                               | system_i/switches/U0/AXI_LITE_IPIF_I/I_SLAVE_ATTACHMENT/I_DECODER/cs_ce_clr                                                              |                1 |              8 |
|  system_i/processing_system7_0/inst/FCLK_CLK0 | system_i/ps7_0_axi_periph/s00_couplers/auto_pc/inst/gen_axilite.gen_b2s_conv.axilite_b2s/RD.ar_channel_0/ar_cmd_fsm_0/E[0]                                   | system_i/ps7_0_axi_periph/s00_couplers/auto_pc/inst/gen_axilite.gen_b2s_conv.axilite_b2s/RD.ar_channel_0/ar_cmd_fsm_0/axlen_cnt_reg[7]   |                2 |              8 |
|  system_i/processing_system7_0/inst/FCLK_CLK0 | system_i/led_ip_0/inst/led_ip_v1_0_S_AXI_inst/U1/LED[3]_i_2_n_0                                                                                              | system_i/led_ip_0/inst/led_ip_v1_0_S_AXI_inst/U1/SR[0]                                                                                   |                1 |              8 |
|  system_i/processing_system7_0/inst/FCLK_CLK0 | system_i/buttons/U0/AXI_LITE_IPIF_I/I_SLAVE_ATTACHMENT/I_DECODER/Not_Dual.gpio_OE_reg[0][0]                                                                  | system_i/buttons/U0/AXI_LITE_IPIF_I/I_SLAVE_ATTACHMENT/SR[0]                                                                             |                1 |              8 |
|  system_i/processing_system7_0/inst/FCLK_CLK0 | system_i/buttons/U0/AXI_LITE_IPIF_I/I_SLAVE_ATTACHMENT/bus2ip_addr_i[8]_i_1_n_0                                                                              | system_i/buttons/U0/AXI_LITE_IPIF_I/I_SLAVE_ATTACHMENT/SR[0]                                                                             |                1 |              8 |
|  system_i/processing_system7_0/inst/FCLK_CLK0 | system_i/buttons/U0/AXI_LITE_IPIF_I/I_SLAVE_ATTACHMENT/start2                                                                                                | system_i/buttons/U0/AXI_LITE_IPIF_I/I_SLAVE_ATTACHMENT/I_DECODER/cs_ce_clr                                                               |                1 |              8 |
|  system_i/processing_system7_0/inst/FCLK_CLK0 | system_i/switches/U0/AXI_LITE_IPIF_I/I_SLAVE_ATTACHMENT/bus2ip_addr_i[8]_i_1_n_0                                                                             | system_i/switches/U0/AXI_LITE_IPIF_I/I_SLAVE_ATTACHMENT/SR[0]                                                                            |                1 |              8 |
|  system_i/processing_system7_0/inst/FCLK_CLK0 |                                                                                                                                                              | system_i/ps7_0_axi_periph/s00_couplers/auto_pc/inst/gen_axilite.gen_b2s_conv.axilite_b2s/SI_REG/aw.aw_pipe/s_ready_i_reg_0               |                1 |              8 |
|  system_i/processing_system7_0/inst/FCLK_CLK0 |                                                                                                                                                              | system_i/buttons/U0/AXI_LITE_IPIF_I/I_SLAVE_ATTACHMENT/I_DECODER/Not_Dual.ALLIN1_ND.READ_REG_GEN[0].reg1_reg[28]                         |                2 |              8 |
|  system_i/processing_system7_0/inst/FCLK_CLK0 | system_i/ps7_0_axi_periph/s00_couplers/auto_pc/inst/gen_axilite.gen_b2s_conv.axilite_b2s/WR.aw_channel_0/aw_cmd_fsm_0/axaddr_wrap_reg[11][0]                 | system_i/ps7_0_axi_periph/s00_couplers/auto_pc/inst/gen_axilite.gen_b2s_conv.axilite_b2s/WR.aw_channel_0/aw_cmd_fsm_0/axlen_cnt_reg[7]_1 |                2 |              8 |
|  system_i/processing_system7_0/inst/FCLK_CLK0 |                                                                                                                                                              | system_i/switches/U0/AXI_LITE_IPIF_I/I_SLAVE_ATTACHMENT/clear                                                                            |                1 |              8 |
|  system_i/processing_system7_0/inst/FCLK_CLK0 |                                                                                                                                                              | system_i/buttons/U0/AXI_LITE_IPIF_I/I_SLAVE_ATTACHMENT/clear                                                                             |                1 |              8 |
|  system_i/processing_system7_0/inst/FCLK_CLK0 |                                                                                                                                                              | system_i/ps7_0_axi_periph/s00_couplers/auto_pc/inst/gen_axilite.gen_b2s_conv.axilite_b2s/SI_REG/ar.ar_pipe/m_valid_i_reg_0               |                2 |              8 |
|  system_i/processing_system7_0/inst/FCLK_CLK0 | system_i/buttons/U0/AXI_LITE_IPIF_I/I_SLAVE_ATTACHMENT/s_axi_rresp_i                                                                                         | system_i/buttons/U0/AXI_LITE_IPIF_I/I_SLAVE_ATTACHMENT/SR[0]                                                                             |                2 |             10 |
|  system_i/processing_system7_0/inst/FCLK_CLK0 |                                                                                                                                                              | system_i/rst_ps7_0_100M/U0/EXT_LPF/lpf_int                                                                                               |                3 |             10 |
|  system_i/processing_system7_0/inst/FCLK_CLK0 | system_i/rst_ps7_0_100M/U0/SEQ/seq_cnt_en                                                                                                                    | system_i/rst_ps7_0_100M/U0/SEQ/SEQ_COUNTER/clear                                                                                         |                1 |             12 |
|  system_i/processing_system7_0/inst/FCLK_CLK0 | system_i/led_ip_0/inst/led_ip_v1_0_S_AXI_inst/slv_reg1[23]_i_1_n_0                                                                                           | system_i/led_ip_0/inst/led_ip_v1_0_S_AXI_inst/U1/SR[0]                                                                                   |                3 |             16 |
|  system_i/processing_system7_0/inst/FCLK_CLK0 | system_i/led_ip_0/inst/led_ip_v1_0_S_AXI_inst/p_1_in[7]                                                                                                      | system_i/led_ip_0/inst/led_ip_v1_0_S_AXI_inst/U1/SR[0]                                                                                   |                1 |             16 |
|  system_i/processing_system7_0/inst/FCLK_CLK0 | system_i/led_ip_0/inst/led_ip_v1_0_S_AXI_inst/p_1_in[23]                                                                                                     | system_i/led_ip_0/inst/led_ip_v1_0_S_AXI_inst/U1/SR[0]                                                                                   |                1 |             16 |
|  system_i/processing_system7_0/inst/FCLK_CLK0 | system_i/ps7_0_axi_periph/s00_couplers/auto_pc/inst/gen_axilite.gen_b2s_conv.axilite_b2s/WR.b_channel_0/mhandshake_r                                         | system_i/ps7_0_axi_periph/s00_couplers/auto_pc/inst/gen_axilite.gen_b2s_conv.axilite_b2s/WR.b_channel_0/bid_fifo_0/SR[0]                 |                2 |             16 |
|  system_i/processing_system7_0/inst/FCLK_CLK0 | system_i/led_ip_0/inst/led_ip_v1_0_S_AXI_inst/p_1_in[15]                                                                                                     | system_i/led_ip_0/inst/led_ip_v1_0_S_AXI_inst/U1/SR[0]                                                                                   |                1 |             16 |
|  system_i/processing_system7_0/inst/FCLK_CLK0 | system_i/led_ip_0/inst/led_ip_v1_0_S_AXI_inst/slv_reg1[7]_i_1_n_0                                                                                            | system_i/led_ip_0/inst/led_ip_v1_0_S_AXI_inst/U1/SR[0]                                                                                   |                1 |             16 |
|  system_i/processing_system7_0/inst/FCLK_CLK0 | system_i/led_ip_0/inst/led_ip_v1_0_S_AXI_inst/p_1_in[31]                                                                                                     | system_i/led_ip_0/inst/led_ip_v1_0_S_AXI_inst/U1/SR[0]                                                                                   |                1 |             16 |
|  system_i/processing_system7_0/inst/FCLK_CLK0 | system_i/led_ip_0/inst/led_ip_v1_0_S_AXI_inst/slv_reg2[7]_i_1_n_0                                                                                            | system_i/led_ip_0/inst/led_ip_v1_0_S_AXI_inst/U1/SR[0]                                                                                   |                1 |             16 |
|  system_i/processing_system7_0/inst/FCLK_CLK0 | system_i/led_ip_0/inst/led_ip_v1_0_S_AXI_inst/slv_reg2[31]_i_1_n_0                                                                                           | system_i/led_ip_0/inst/led_ip_v1_0_S_AXI_inst/U1/SR[0]                                                                                   |                2 |             16 |
|  system_i/processing_system7_0/inst/FCLK_CLK0 | system_i/led_ip_0/inst/led_ip_v1_0_S_AXI_inst/slv_reg2[23]_i_1_n_0                                                                                           | system_i/led_ip_0/inst/led_ip_v1_0_S_AXI_inst/U1/SR[0]                                                                                   |                1 |             16 |
|  system_i/processing_system7_0/inst/FCLK_CLK0 | system_i/led_ip_0/inst/led_ip_v1_0_S_AXI_inst/slv_reg2[15]_i_1_n_0                                                                                           | system_i/led_ip_0/inst/led_ip_v1_0_S_AXI_inst/U1/SR[0]                                                                                   |                1 |             16 |
|  system_i/processing_system7_0/inst/FCLK_CLK0 | system_i/led_ip_0/inst/led_ip_v1_0_S_AXI_inst/slv_reg1[31]_i_1_n_0                                                                                           | system_i/led_ip_0/inst/led_ip_v1_0_S_AXI_inst/U1/SR[0]                                                                                   |                1 |             16 |
|  system_i/processing_system7_0/inst/FCLK_CLK0 | system_i/led_ip_0/inst/led_ip_v1_0_S_AXI_inst/slv_reg1[15]_i_1_n_0                                                                                           | system_i/led_ip_0/inst/led_ip_v1_0_S_AXI_inst/U1/SR[0]                                                                                   |                1 |             16 |
|  system_i/processing_system7_0/inst/FCLK_CLK0 | system_i/led_ip_0/inst/led_ip_v1_0_S_AXI_inst/slv_reg0[7]_i_1_n_0                                                                                            | system_i/led_ip_0/inst/led_ip_v1_0_S_AXI_inst/U1/SR[0]                                                                                   |                1 |             16 |
|  system_i/processing_system7_0/inst/FCLK_CLK0 | system_i/led_ip_0/inst/led_ip_v1_0_S_AXI_inst/slv_reg0[31]_i_1_n_0                                                                                           | system_i/led_ip_0/inst/led_ip_v1_0_S_AXI_inst/U1/SR[0]                                                                                   |                2 |             16 |
|  system_i/processing_system7_0/inst/FCLK_CLK0 | system_i/led_ip_0/inst/led_ip_v1_0_S_AXI_inst/slv_reg0[23]_i_1_n_0                                                                                           | system_i/led_ip_0/inst/led_ip_v1_0_S_AXI_inst/U1/SR[0]                                                                                   |                1 |             16 |
|  system_i/processing_system7_0/inst/FCLK_CLK0 | system_i/led_ip_0/inst/led_ip_v1_0_S_AXI_inst/slv_reg0[15]_i_1_n_0                                                                                           | system_i/led_ip_0/inst/led_ip_v1_0_S_AXI_inst/U1/SR[0]                                                                                   |                1 |             16 |
|  system_i/processing_system7_0/inst/FCLK_CLK0 |                                                                                                                                                              | system_i/led_ip_0/inst/led_ip_v1_0_S_AXI_inst/U1/SR[0]                                                                                   |                3 |             20 |
|  system_i/processing_system7_0/inst/FCLK_CLK0 | system_i/ps7_0_axi_periph/s00_couplers/auto_pc/inst/gen_axilite.gen_b2s_conv.axilite_b2s/RD.ar_channel_0/ar_cmd_fsm_0/wrap_boundary_axaddr_r_reg[11][0]      |                                                                                                                                          |                6 |             24 |
|  system_i/processing_system7_0/inst/FCLK_CLK0 | system_i/ps7_0_axi_periph/s00_couplers/auto_pc/inst/gen_axilite.gen_b2s_conv.axilite_b2s/RD.ar_channel_0/ar_cmd_fsm_0/axaddr_incr_reg[0][0]                  |                                                                                                                                          |                2 |             24 |
|  system_i/processing_system7_0/inst/FCLK_CLK0 | system_i/ps7_0_axi_periph/s00_couplers/auto_pc/inst/gen_axilite.gen_b2s_conv.axilite_b2s/WR.aw_channel_0/aw_cmd_fsm_0/E[0]                                   |                                                                                                                                          |                3 |             24 |
|  system_i/processing_system7_0/inst/FCLK_CLK0 | system_i/ps7_0_axi_periph/s00_couplers/auto_pc/inst/gen_axilite.gen_b2s_conv.axilite_b2s/WR.aw_channel_0/cmd_translator_0/incr_cmd_0/axaddr_incr[11]_i_1_n_0 |                                                                                                                                          |                2 |             24 |
|  system_i/processing_system7_0/inst/FCLK_CLK0 |                                                                                                                                                              | system_i/ps7_0_axi_periph/xbar/inst/gen_sasd.crossbar_sasd_0/addr_arbiter_inst/SR[0]                                                     |                4 |             26 |
|  system_i/processing_system7_0/inst/FCLK_CLK0 | system_i/ps7_0_axi_periph/s00_couplers/auto_pc/inst/gen_axilite.gen_b2s_conv.axilite_b2s/RD.r_channel_0/r_push_r                                             |                                                                                                                                          |                4 |             26 |
|  system_i/processing_system7_0/inst/FCLK_CLK0 | system_i/ps7_0_axi_periph/s00_couplers/auto_pc/inst/gen_axilite.gen_b2s_conv.axilite_b2s/SI_REG/b.b_pipe/skid_buffer_reg[0]_0                                |                                                                                                                                          |                2 |             28 |
|  system_i/processing_system7_0/inst/FCLK_CLK0 | system_i/ps7_0_axi_periph/s00_couplers/auto_pc/inst/gen_axilite.gen_b2s_conv.axilite_b2s/SI_REG/b.b_pipe/p_1_in                                              |                                                                                                                                          |                2 |             28 |
|  system_i/processing_system7_0/inst/FCLK_CLK0 | system_i/ps7_0_axi_periph/xbar/inst/gen_sasd.crossbar_sasd_0/reg_slice_r/aa_rready                                                                           |                                                                                                                                          |                7 |             30 |
|  system_i/processing_system7_0/inst/FCLK_CLK0 | system_i/ps7_0_axi_periph/s00_couplers/auto_pc/inst/gen_axilite.gen_b2s_conv.axilite_b2s/WR.aw_channel_0/aw_cmd_fsm_0/b_push                                 |                                                                                                                                          |                3 |             32 |
|  system_i/processing_system7_0/inst/FCLK_CLK0 | system_i/ps7_0_axi_periph/xbar/inst/gen_sasd.crossbar_sasd_0/addr_arbiter_inst/p_0_in1_in                                                                    | system_i/ps7_0_axi_periph/xbar/inst/gen_sasd.crossbar_sasd_0/addr_arbiter_inst/SR[0]                                                     |                8 |             38 |
|  system_i/processing_system7_0/inst/FCLK_CLK0 | system_i/ps7_0_axi_periph/s00_couplers/auto_pc/inst/gen_axilite.gen_b2s_conv.axilite_b2s/WR.aw_channel_0/aw_cmd_fsm_0/axaddr_wrap_reg[11][0]                 |                                                                                                                                          |                6 |             40 |
|  system_i/processing_system7_0/inst/FCLK_CLK0 |                                                                                                                                                              | system_i/switches/U0/AXI_LITE_IPIF_I/I_SLAVE_ATTACHMENT/SR[0]                                                                            |                8 |             40 |
|  system_i/processing_system7_0/inst/FCLK_CLK0 |                                                                                                                                                              | system_i/buttons/U0/AXI_LITE_IPIF_I/I_SLAVE_ATTACHMENT/SR[0]                                                                             |                7 |             40 |
|  system_i/processing_system7_0/inst/FCLK_CLK0 | system_i/ps7_0_axi_periph/s00_couplers/auto_pc/inst/gen_axilite.gen_b2s_conv.axilite_b2s/RD.ar_channel_0/ar_cmd_fsm_0/E[0]                                   |                                                                                                                                          |                8 |             40 |
|  system_i/processing_system7_0/inst/FCLK_CLK0 | system_i/led_ip_0/inst/led_ip_v1_0_S_AXI_inst/slv_reg_rden__0                                                                                                | system_i/led_ip_0/inst/led_ip_v1_0_S_AXI_inst/U1/SR[0]                                                                                   |               10 |             64 |
|  system_i/processing_system7_0/inst/FCLK_CLK0 | system_i/ps7_0_axi_periph/s00_couplers/auto_pc/inst/gen_axilite.gen_b2s_conv.axilite_b2s/RD.r_channel_0/rd_data_fifo_0/wr_en0                                |                                                                                                                                          |                9 |             68 |
|  system_i/processing_system7_0/inst/FCLK_CLK0 | system_i/ps7_0_axi_periph/xbar/inst/gen_sasd.crossbar_sasd_0/addr_arbiter_inst/E[0]                                                                          |                                                                                                                                          |                6 |             70 |
|  system_i/processing_system7_0/inst/FCLK_CLK0 | system_i/ps7_0_axi_periph/s00_couplers/auto_pc/inst/gen_axilite.gen_b2s_conv.axilite_b2s/SI_REG/r.r_pipe/p_1_in                                              |                                                                                                                                          |                7 |             94 |
|  system_i/processing_system7_0/inst/FCLK_CLK0 | system_i/ps7_0_axi_periph/s00_couplers/auto_pc/inst/gen_axilite.gen_b2s_conv.axilite_b2s/SI_REG/r.r_pipe/skid_buffer_reg[0]_0                                |                                                                                                                                          |                8 |             94 |
|  system_i/processing_system7_0/inst/FCLK_CLK0 | system_i/ps7_0_axi_periph/s00_couplers/auto_pc/inst/gen_axilite.gen_b2s_conv.axilite_b2s/SI_REG/ar.ar_pipe/s_axi_arready                                     |                                                                                                                                          |               13 |             96 |
|  system_i/processing_system7_0/inst/FCLK_CLK0 | system_i/ps7_0_axi_periph/s00_couplers/auto_pc/inst/gen_axilite.gen_b2s_conv.axilite_b2s/RD.ar_channel_0/ar_cmd_fsm_0/m_payload_i_reg[0]_1[0]                |                                                                                                                                          |               14 |             96 |
|  system_i/processing_system7_0/inst/FCLK_CLK0 | system_i/ps7_0_axi_periph/s00_couplers/auto_pc/inst/gen_axilite.gen_b2s_conv.axilite_b2s/SI_REG/aw.aw_pipe/s_axi_awready                                     |                                                                                                                                          |                9 |             96 |
|  system_i/processing_system7_0/inst/FCLK_CLK0 | system_i/ps7_0_axi_periph/s00_couplers/auto_pc/inst/gen_axilite.gen_b2s_conv.axilite_b2s/WR.aw_channel_0/aw_cmd_fsm_0/m_payload_i_reg[0][0]                  |                                                                                                                                          |                9 |             96 |
|  system_i/processing_system7_0/inst/FCLK_CLK0 |                                                                                                                                                              | system_i/ps7_0_axi_periph/s00_couplers/auto_pc/inst/gen_axilite.gen_b2s_conv.axilite_b2s/areset_d1                                       |               13 |            120 |
|  system_i/processing_system7_0/inst/FCLK_CLK0 |                                                                                                                                                              |                                                                                                                                          |               71 |            374 |
+-----------------------------------------------+--------------------------------------------------------------------------------------------------------------------------------------------------------------+------------------------------------------------------------------------------------------------------------------------------------------+------------------+----------------+


