20:50:16 INFO  : Registering command handlers for SDK TCF services
20:50:18 INFO  : Launching XSCT server: xsct -n -interactive /home/peter/Documents/PYNQ/LABS/lab1/lab1.sdk/temp_xsdb_launch_script.tcl
20:50:22 INFO  : XSCT server has started successfully.
20:50:22 INFO  : Successfully done setting XSCT server connection channel  
20:50:23 INFO  : Successfully done setting SDK workspace  
20:50:23 INFO  : Processing command line option -hwspec /home/peter/Documents/PYNQ/LABS/lab1/lab1.sdk/system_wrapper.hdf.
21:14:00 INFO  : Registering command handlers for SDK TCF services
21:14:01 INFO  : Launching XSCT server: xsct -n -interactive /home/peter/Documents/PYNQ/LABS/lab1/lab1.sdk/temp_xsdb_launch_script.tcl
21:14:04 INFO  : XSCT server has started successfully.
21:14:04 INFO  : Successfully done setting XSCT server connection channel  
21:14:05 INFO  : Successfully done setting SDK workspace  
21:14:05 INFO  : Processing command line option -hwspec /home/peter/Documents/PYNQ/LABS/lab1/lab1.sdk/system_wrapper.hdf.
21:14:05 INFO  : Checking for hwspec changes in the project system_wrapper_hw_platform_0.
21:15:01 INFO  : Connected to target on host '127.0.0.1' and port '3121'.
21:15:02 INFO  : Jtag cable 'Xilinx TUL 1234-tulA' is selected.
21:15:02 INFO  : 'jtag frequency' command is executed.
21:15:02 INFO  : Sourcing of '/home/peter/Documents/PYNQ/LABS/lab1/lab1.sdk/system_wrapper_hw_platform_0/ps7_init.tcl' is done.
21:15:02 INFO  : Context for 'APU' is selected.
21:15:02 INFO  : Hardware design information is loaded from '/home/peter/Documents/PYNQ/LABS/lab1/lab1.sdk/system_wrapper_hw_platform_0/system.hdf'.
21:15:02 INFO  : 'configparams force-mem-access 1' command is executed.
21:15:02 INFO  : Context for 'APU' is selected.
21:15:02 INFO  : 'stop' command is executed.
21:15:02 INFO  : 'ps7_init' command is executed.
21:15:02 INFO  : 'ps7_post_config' command is executed.
21:15:02 INFO  : Context for processor 'ps7_cortexa9_0' is selected.
21:15:02 INFO  : Processor reset is completed for 'ps7_cortexa9_0'.
21:15:02 INFO  : Context for processor 'ps7_cortexa9_0' is selected.
21:15:02 INFO  : The application '/home/peter/Documents/PYNQ/LABS/lab1/lab1.sdk/mem_test/Debug/mem_test.elf' is downloaded to processor 'ps7_cortexa9_0'.
21:15:02 INFO  : 'configparams force-mem-access 0' command is executed.
21:15:02 INFO  : ----------------XSDB Script----------------
connect -url tcp:127.0.0.1:3121
source /home/peter/Documents/PYNQ/LABS/lab1/lab1.sdk/system_wrapper_hw_platform_0/ps7_init.tcl
targets -set -nocase -filter {name =~"APU*" && jtag_cable_name =~ "Xilinx TUL 1234-tulA"} -index 0
loadhw -hw /home/peter/Documents/PYNQ/LABS/lab1/lab1.sdk/system_wrapper_hw_platform_0/system.hdf -mem-ranges [list {0x40000000 0xbfffffff}]
configparams force-mem-access 1
targets -set -nocase -filter {name =~"APU*" && jtag_cable_name =~ "Xilinx TUL 1234-tulA"} -index 0
stop
ps7_init
ps7_post_config
targets -set -nocase -filter {name =~ "ARM*#0" && jtag_cable_name =~ "Xilinx TUL 1234-tulA"} -index 0
rst -processor
targets -set -nocase -filter {name =~ "ARM*#0" && jtag_cable_name =~ "Xilinx TUL 1234-tulA"} -index 0
dow /home/peter/Documents/PYNQ/LABS/lab1/lab1.sdk/mem_test/Debug/mem_test.elf
configparams force-mem-access 0
----------------End of Script----------------

21:15:02 INFO  : Context for processor 'ps7_cortexa9_0' is selected.
21:15:02 INFO  : 'con' command is executed.
21:15:02 INFO  : ----------------XSDB Script (After Launch)----------------
targets -set -nocase -filter {name =~ "ARM*#0" && jtag_cable_name =~ "Xilinx TUL 1234-tulA"} -index 0
con
----------------End of Script----------------

21:15:02 INFO  : Launch script is exported to file '/home/peter/Documents/PYNQ/LABS/lab1/lab1.sdk/.sdk/launch_scripts/xilinx_c-c++_application_(system_debugger)/system_debugger_using_debug_mem_test.elf_on_local.tcl'
21:17:14 INFO  : Disconnected from the channel tcfchan#1.
21:17:15 INFO  : Connected to target on host '127.0.0.1' and port '3121'.
21:17:15 INFO  : Jtag cable 'Xilinx TUL 1234-tulA' is selected.
21:17:15 INFO  : 'jtag frequency' command is executed.
21:17:15 INFO  : Sourcing of '/home/peter/Documents/PYNQ/LABS/lab1/lab1.sdk/system_wrapper_hw_platform_0/ps7_init.tcl' is done.
21:17:15 INFO  : Context for 'APU' is selected.
21:17:17 INFO  : Hardware design information is loaded from '/home/peter/Documents/PYNQ/LABS/lab1/lab1.sdk/system_wrapper_hw_platform_0/system.hdf'.
21:17:17 INFO  : 'configparams force-mem-access 1' command is executed.
21:17:17 INFO  : Context for 'APU' is selected.
21:17:17 INFO  : 'stop' command is executed.
21:17:17 INFO  : 'ps7_init' command is executed.
21:17:17 INFO  : 'ps7_post_config' command is executed.
21:17:17 INFO  : Context for processor 'ps7_cortexa9_0' is selected.
21:17:17 INFO  : Processor reset is completed for 'ps7_cortexa9_0'.
21:17:17 INFO  : Context for processor 'ps7_cortexa9_0' is selected.
21:17:17 INFO  : The application '/home/peter/Documents/PYNQ/LABS/lab1/lab1.sdk/mem_test/Debug/mem_test.elf' is downloaded to processor 'ps7_cortexa9_0'.
21:17:17 INFO  : 'configparams force-mem-access 0' command is executed.
21:17:17 INFO  : ----------------XSDB Script----------------
connect -url tcp:127.0.0.1:3121
source /home/peter/Documents/PYNQ/LABS/lab1/lab1.sdk/system_wrapper_hw_platform_0/ps7_init.tcl
targets -set -nocase -filter {name =~"APU*" && jtag_cable_name =~ "Xilinx TUL 1234-tulA"} -index 0
loadhw -hw /home/peter/Documents/PYNQ/LABS/lab1/lab1.sdk/system_wrapper_hw_platform_0/system.hdf -mem-ranges [list {0x40000000 0xbfffffff}]
configparams force-mem-access 1
targets -set -nocase -filter {name =~"APU*" && jtag_cable_name =~ "Xilinx TUL 1234-tulA"} -index 0
stop
ps7_init
ps7_post_config
targets -set -nocase -filter {name =~ "ARM*#0" && jtag_cable_name =~ "Xilinx TUL 1234-tulA"} -index 0
rst -processor
targets -set -nocase -filter {name =~ "ARM*#0" && jtag_cable_name =~ "Xilinx TUL 1234-tulA"} -index 0
dow /home/peter/Documents/PYNQ/LABS/lab1/lab1.sdk/mem_test/Debug/mem_test.elf
configparams force-mem-access 0
----------------End of Script----------------

21:17:17 INFO  : Context for processor 'ps7_cortexa9_0' is selected.
21:17:17 INFO  : 'con' command is executed.
21:17:17 INFO  : ----------------XSDB Script (After Launch)----------------
targets -set -nocase -filter {name =~ "ARM*#0" && jtag_cable_name =~ "Xilinx TUL 1234-tulA"} -index 0
con
----------------End of Script----------------

21:17:17 INFO  : Launch script is exported to file '/home/peter/Documents/PYNQ/LABS/lab1/lab1.sdk/.sdk/launch_scripts/xilinx_c-c++_application_(system_debugger)/system_debugger_using_debug_mem_test.elf_on_local.tcl'
21:17:53 INFO  : Disconnected from the channel tcfchan#2.
21:17:54 INFO  : Connected to target on host '127.0.0.1' and port '3121'.
21:17:54 INFO  : Jtag cable 'Xilinx TUL 1234-tulA' is selected.
21:17:54 INFO  : 'jtag frequency' command is executed.
21:17:54 INFO  : Sourcing of '/home/peter/Documents/PYNQ/LABS/lab1/lab1.sdk/system_wrapper_hw_platform_0/ps7_init.tcl' is done.
21:17:54 INFO  : Context for 'APU' is selected.
21:17:56 INFO  : Hardware design information is loaded from '/home/peter/Documents/PYNQ/LABS/lab1/lab1.sdk/system_wrapper_hw_platform_0/system.hdf'.
21:17:56 INFO  : 'configparams force-mem-access 1' command is executed.
21:17:56 INFO  : Context for 'APU' is selected.
21:17:56 INFO  : 'stop' command is executed.
21:17:56 INFO  : 'ps7_init' command is executed.
21:17:56 INFO  : 'ps7_post_config' command is executed.
21:17:56 INFO  : Context for processor 'ps7_cortexa9_0' is selected.
21:17:56 INFO  : Processor reset is completed for 'ps7_cortexa9_0'.
21:17:57 INFO  : Context for processor 'ps7_cortexa9_0' is selected.
21:17:57 INFO  : The application '/home/peter/Documents/PYNQ/LABS/lab1/lab1.sdk/mem_test/Debug/mem_test.elf' is downloaded to processor 'ps7_cortexa9_0'.
21:17:57 INFO  : 'configparams force-mem-access 0' command is executed.
21:17:57 INFO  : ----------------XSDB Script----------------
connect -url tcp:127.0.0.1:3121
source /home/peter/Documents/PYNQ/LABS/lab1/lab1.sdk/system_wrapper_hw_platform_0/ps7_init.tcl
targets -set -nocase -filter {name =~"APU*" && jtag_cable_name =~ "Xilinx TUL 1234-tulA"} -index 0
loadhw -hw /home/peter/Documents/PYNQ/LABS/lab1/lab1.sdk/system_wrapper_hw_platform_0/system.hdf -mem-ranges [list {0x40000000 0xbfffffff}]
configparams force-mem-access 1
targets -set -nocase -filter {name =~"APU*" && jtag_cable_name =~ "Xilinx TUL 1234-tulA"} -index 0
stop
ps7_init
ps7_post_config
targets -set -nocase -filter {name =~ "ARM*#0" && jtag_cable_name =~ "Xilinx TUL 1234-tulA"} -index 0
rst -processor
targets -set -nocase -filter {name =~ "ARM*#0" && jtag_cable_name =~ "Xilinx TUL 1234-tulA"} -index 0
dow /home/peter/Documents/PYNQ/LABS/lab1/lab1.sdk/mem_test/Debug/mem_test.elf
configparams force-mem-access 0
----------------End of Script----------------

21:17:57 INFO  : Context for processor 'ps7_cortexa9_0' is selected.
21:17:57 INFO  : 'con' command is executed.
21:17:57 INFO  : ----------------XSDB Script (After Launch)----------------
targets -set -nocase -filter {name =~ "ARM*#0" && jtag_cable_name =~ "Xilinx TUL 1234-tulA"} -index 0
con
----------------End of Script----------------

21:17:57 INFO  : Launch script is exported to file '/home/peter/Documents/PYNQ/LABS/lab1/lab1.sdk/.sdk/launch_scripts/xilinx_c-c++_application_(system_debugger)/system_debugger_using_debug_mem_test.elf_on_local.tcl'
21:18:22 INFO  : Registering command handlers for SDK TCF services
21:18:23 INFO  : Launching XSCT server: xsct -n -interactive /home/peter/Documents/PYNQ/LABS/lab1/lab1.sdk/temp_xsdb_launch_script.tcl
21:18:26 INFO  : XSCT server has started successfully.
21:18:26 INFO  : Successfully done setting XSCT server connection channel  
21:18:26 INFO  : Successfully done setting SDK workspace  
21:18:26 INFO  : Processing command line option -hwspec /home/peter/Documents/PYNQ/LABS/lab1/lab1.sdk/system_wrapper.hdf.
21:18:26 INFO  : Checking for hwspec changes in the project system_wrapper_hw_platform_0.
21:19:07 INFO  : Registering command handlers for SDK TCF services
21:19:09 INFO  : Launching XSCT server: xsct -n -interactive /home/peter/Documents/PYNQ/LABS/lab1/lab1.sdk/temp_xsdb_launch_script.tcl
21:19:12 INFO  : XSCT server has started successfully.
21:19:12 INFO  : Successfully done setting XSCT server connection channel  
21:19:12 INFO  : Successfully done setting SDK workspace  
21:19:12 INFO  : Processing command line option -hwspec /home/peter/Documents/PYNQ/LABS/lab1/lab1.sdk/system_wrapper.hdf.
21:19:12 INFO  : Checking for hwspec changes in the project system_wrapper_hw_platform_0.
21:19:28 INFO  : Connected to target on host '127.0.0.1' and port '3121'.
21:19:29 INFO  : Jtag cable 'Xilinx TUL 1234-tulA' is selected.
21:19:29 INFO  : 'jtag frequency' command is executed.
21:19:29 INFO  : Sourcing of '/home/peter/Documents/PYNQ/LABS/lab1/lab1.sdk/system_wrapper_hw_platform_0/ps7_init.tcl' is done.
21:19:29 INFO  : Context for 'APU' is selected.
21:19:29 INFO  : Hardware design information is loaded from '/home/peter/Documents/PYNQ/LABS/lab1/lab1.sdk/system_wrapper_hw_platform_0/system.hdf'.
21:19:29 INFO  : 'configparams force-mem-access 1' command is executed.
21:19:29 INFO  : Context for 'APU' is selected.
21:19:29 INFO  : 'stop' command is executed.
21:19:29 INFO  : 'ps7_init' command is executed.
21:19:29 INFO  : 'ps7_post_config' command is executed.
21:19:29 INFO  : Context for processor 'ps7_cortexa9_0' is selected.
21:19:29 INFO  : Processor reset is completed for 'ps7_cortexa9_0'.
21:19:29 INFO  : Context for processor 'ps7_cortexa9_0' is selected.
21:19:29 INFO  : The application '/home/peter/Documents/PYNQ/LABS/lab1/lab1.sdk/mem_test/Debug/mem_test.elf' is downloaded to processor 'ps7_cortexa9_0'.
21:19:29 INFO  : 'configparams force-mem-access 0' command is executed.
21:19:29 INFO  : ----------------XSDB Script----------------
connect -url tcp:127.0.0.1:3121
source /home/peter/Documents/PYNQ/LABS/lab1/lab1.sdk/system_wrapper_hw_platform_0/ps7_init.tcl
targets -set -nocase -filter {name =~"APU*" && jtag_cable_name =~ "Xilinx TUL 1234-tulA"} -index 0
loadhw -hw /home/peter/Documents/PYNQ/LABS/lab1/lab1.sdk/system_wrapper_hw_platform_0/system.hdf -mem-ranges [list {0x40000000 0xbfffffff}]
configparams force-mem-access 1
targets -set -nocase -filter {name =~"APU*" && jtag_cable_name =~ "Xilinx TUL 1234-tulA"} -index 0
stop
ps7_init
ps7_post_config
targets -set -nocase -filter {name =~ "ARM*#0" && jtag_cable_name =~ "Xilinx TUL 1234-tulA"} -index 0
rst -processor
targets -set -nocase -filter {name =~ "ARM*#0" && jtag_cable_name =~ "Xilinx TUL 1234-tulA"} -index 0
dow /home/peter/Documents/PYNQ/LABS/lab1/lab1.sdk/mem_test/Debug/mem_test.elf
configparams force-mem-access 0
----------------End of Script----------------

21:19:29 INFO  : Context for processor 'ps7_cortexa9_0' is selected.
21:19:29 INFO  : 'con' command is executed.
21:19:29 INFO  : ----------------XSDB Script (After Launch)----------------
targets -set -nocase -filter {name =~ "ARM*#0" && jtag_cable_name =~ "Xilinx TUL 1234-tulA"} -index 0
con
----------------End of Script----------------

21:19:29 INFO  : Launch script is exported to file '/home/peter/Documents/PYNQ/LABS/lab1/lab1.sdk/.sdk/launch_scripts/xilinx_c-c++_application_(system_debugger)/system_debugger_using_debug_mem_test.elf_on_local.tcl'
21:19:52 INFO  : Disconnected from the channel tcfchan#1.
21:21:53 INFO  : Registering command handlers for SDK TCF services
21:21:55 INFO  : Launching XSCT server: xsct -n -interactive /home/peter/Documents/PYNQ/LABS/lab1/lab1.sdk/temp_xsdb_launch_script.tcl
21:21:58 INFO  : XSCT server has started successfully.
21:21:58 INFO  : Successfully done setting XSCT server connection channel  
21:21:58 INFO  : Successfully done setting SDK workspace  
21:21:58 INFO  : Processing command line option -hwspec /home/peter/Documents/PYNQ/LABS/lab1/lab1.sdk/system_wrapper.hdf.
21:21:58 INFO  : Checking for hwspec changes in the project system_wrapper_hw_platform_0.
21:23:17 INFO  : Connected to target on host '127.0.0.1' and port '3121'.
21:23:17 INFO  : Jtag cable 'Xilinx TUL 1234-tulA' is selected.
21:23:17 INFO  : 'jtag frequency' command is executed.
21:23:17 INFO  : Sourcing of '/home/peter/Documents/PYNQ/LABS/lab1/lab1.sdk/system_wrapper_hw_platform_0/ps7_init.tcl' is done.
21:23:17 INFO  : Context for 'APU' is selected.
21:23:17 INFO  : Hardware design information is loaded from '/home/peter/Documents/PYNQ/LABS/lab1/lab1.sdk/system_wrapper_hw_platform_0/system.hdf'.
21:23:17 INFO  : 'configparams force-mem-access 1' command is executed.
21:23:17 INFO  : Context for 'APU' is selected.
21:23:17 INFO  : 'stop' command is executed.
21:23:18 INFO  : 'ps7_init' command is executed.
21:23:18 INFO  : 'ps7_post_config' command is executed.
21:23:18 INFO  : Context for processor 'ps7_cortexa9_0' is selected.
21:23:18 INFO  : Processor reset is completed for 'ps7_cortexa9_0'.
21:23:18 INFO  : Context for processor 'ps7_cortexa9_0' is selected.
21:23:18 INFO  : The application '/home/peter/Documents/PYNQ/LABS/lab1/lab1.sdk/mem_test/Debug/mem_test.elf' is downloaded to processor 'ps7_cortexa9_0'.
21:23:18 INFO  : 'configparams force-mem-access 0' command is executed.
21:23:18 INFO  : ----------------XSDB Script----------------
connect -url tcp:127.0.0.1:3121
source /home/peter/Documents/PYNQ/LABS/lab1/lab1.sdk/system_wrapper_hw_platform_0/ps7_init.tcl
targets -set -nocase -filter {name =~"APU*" && jtag_cable_name =~ "Xilinx TUL 1234-tulA"} -index 0
loadhw -hw /home/peter/Documents/PYNQ/LABS/lab1/lab1.sdk/system_wrapper_hw_platform_0/system.hdf -mem-ranges [list {0x40000000 0xbfffffff}]
configparams force-mem-access 1
targets -set -nocase -filter {name =~"APU*" && jtag_cable_name =~ "Xilinx TUL 1234-tulA"} -index 0
stop
ps7_init
ps7_post_config
targets -set -nocase -filter {name =~ "ARM*#0" && jtag_cable_name =~ "Xilinx TUL 1234-tulA"} -index 0
rst -processor
targets -set -nocase -filter {name =~ "ARM*#0" && jtag_cable_name =~ "Xilinx TUL 1234-tulA"} -index 0
dow /home/peter/Documents/PYNQ/LABS/lab1/lab1.sdk/mem_test/Debug/mem_test.elf
configparams force-mem-access 0
----------------End of Script----------------

21:23:18 INFO  : Context for processor 'ps7_cortexa9_0' is selected.
21:23:18 INFO  : 'con' command is executed.
21:23:18 INFO  : ----------------XSDB Script (After Launch)----------------
targets -set -nocase -filter {name =~ "ARM*#0" && jtag_cable_name =~ "Xilinx TUL 1234-tulA"} -index 0
con
----------------End of Script----------------

21:23:18 INFO  : Launch script is exported to file '/home/peter/Documents/PYNQ/LABS/lab1/lab1.sdk/.sdk/launch_scripts/xilinx_c-c++_application_(system_debugger)/system_debugger_using_debug_mem_test.elf_on_local.tcl'
21:27:12 INFO  : Disconnected from the channel tcfchan#1.
