#-----------------------------------------------------------
# Vivado v2018.2 (64-bit)
# SW Build 2258646 on Thu Jun 14 20:02:38 MDT 2018
# IP Build 2256618 on Thu Jun 14 22:10:49 MDT 2018
# Start of session at: Fri Jun 18 17:43:05 2021
# Process ID: 3543
# Current directory: /home/peter/Documents/PYNQ/LABS/lab3
# Command line: vivado
# Log file: /home/peter/Documents/PYNQ/LABS/lab3/vivado.log
# Journal file: /home/peter/Documents/PYNQ/LABS/lab3/vivado.jou
#-----------------------------------------------------------
start_gui
create_project managed_ip_project /home/peter/Documents/PYNQ/LABS/lab3/led_ip/managed_ip_project -part xc7k70tfbv676-1 -ip
INFO: [IP_Flow 19-234] Refreshing IP repositories
INFO: [IP_Flow 19-1704] No user IP repositories specified
INFO: [IP_Flow 19-2313] Loaded Vivado IP repository '/opt/Xilinx/Vivado/2018.2/data/ip'.
create_project: Time (s): cpu = 00:00:18 ; elapsed = 00:00:07 . Memory (MB): peak = 6173.039 ; gain = 105.719 ; free physical = 167 ; free virtual = 4443
set_property target_simulator XSim [current_project]
WARNING: [IP_Flow 19-3899] Cannot get the environment domain name variable for the component vendor name. Setting the vendor name to 'user.org'.
WARNING: [IP_Flow 19-3899] Cannot get the environment domain name variable for the component vendor name. Setting the vendor name to 'user.org'.
WARNING: [IP_Flow 19-3899] Cannot get the environment domain name variable for the component vendor name. Setting the vendor name to 'user.org'.
create_peripheral user.org user led_ip 1.0 -dir /home/peter/Documents/PYNQ/LABS/lab3/led_ip/ip_repo
add_peripheral_interface S_AXI -interface_mode slave -axi_type lite [ipx::find_open_core user.org:user:led_ip:1.0]
generate_peripheral -driver -bfm_example_design -debug_hw_example_design [ipx::find_open_core user.org:user:led_ip:1.0]
write_peripheral [ipx::find_open_core user.org:user:led_ip:1.0]
set_property  ip_repo_paths  /home/peter/Documents/PYNQ/LABS/lab3/led_ip/ip_repo/led_ip_1.0 [current_project]
update_ip_catalog -rebuild
INFO: [IP_Flow 19-234] Refreshing IP repositories
INFO: [IP_Flow 19-1700] Loaded user IP repository '/home/peter/Documents/PYNQ/LABS/lab3/led_ip/ip_repo/led_ip_1.0'.
ipx::edit_ip_in_project -upgrade true -name edit_led_ip_v1_0 -directory /home/peter/Documents/PYNQ/LABS/lab3/led_ip/ip_repo /home/peter/Documents/PYNQ/LABS/lab3/led_ip/ip_repo/led_ip_1.0/component.xml
INFO: [IP_Flow 19-234] Refreshing IP repositories
INFO: [IP_Flow 19-1704] No user IP repositories specified
INFO: [IP_Flow 19-2313] Loaded Vivado IP repository '/opt/Xilinx/Vivado/2018.2/data/ip'.
create_project: Time (s): cpu = 00:00:18 ; elapsed = 00:00:07 . Memory (MB): peak = 6181.551 ; gain = 2.000 ; free physical = 121 ; free virtual = 4371
INFO: [IP_Flow 19-234] Refreshing IP repositories
INFO: [IP_Flow 19-1700] Loaded user IP repository '/home/peter/Documents/PYNQ/LABS/lab3/led_ip/ip_repo/led_ip_1.0'.
INFO: [IP_Flow 19-795] Syncing license key meta-data
ipx::edit_ip_in_project: Time (s): cpu = 00:00:24 ; elapsed = 00:00:09 . Memory (MB): peak = 6195.840 ; gain = 16.289 ; free physical = 126 ; free virtual = 4354
update_compile_order -fileset sources_1
add_files -norecurse -copy_to /home/peter/Documents/PYNQ/LABS/lab3/led_ip/ip_repo/led_ip_1.0/src /home/peter/Documents/PYNQ/LAB/source/lab3/lab3_user_logic.v
update_compile_order -fileset sources_1
export_ip_user_files -of_objects  [get_files /home/peter/Documents/PYNQ/LABS/lab3/led_ip/ip_repo/led_ip_1.0/src/lab3_user_logic.v] -no_script -reset -force -quiet
remove_files  /home/peter/Documents/PYNQ/LABS/lab3/led_ip/ip_repo/led_ip_1.0/src/lab3_user_logic.v
add_files -norecurse /home/peter/Documents/PYNQ/LAB/source/lab3/lab3_user_logic.v
update_compile_order -fileset sources_1
launch_runs synth_1 -jobs 2
[Fri Jun 18 18:06:47 2021] Launched synth_1...
Run output will be captured here: /home/peter/Documents/PYNQ/LABS/lab3/led_ip/ip_repo/edit_led_ip_v1_0.runs/synth_1/runme.log
set_property taxonomy /Basic_Elements [ipx::current_core]
set_property supported_families {kintex7 Pre-Production zynq Beta} [ipx::current_core]
ipx::merge_project_changes files [ipx::current_core]
WARNING: [IP_Flow 19-3899] Cannot get the environment domain name variable for the component vendor name. Setting the vendor name to 'user.org'.
WARNING: [IP_Flow 19-5226] Project source file '/home/peter/Documents/PYNQ/LABS/lab3/led_ip/ip_repo/led_ip_1.0/component.xml' ignored by IP packager.
ipx::merge_project_changes hdl_parameters [ipx::current_core]
WARNING: [IP_Flow 19-3899] Cannot get the environment domain name variable for the component vendor name. Setting the vendor name to 'user.org'.
WARNING: [IP_Flow 19-5226] Project source file '/home/peter/Documents/PYNQ/LABS/lab3/led_ip/ip_repo/led_ip_1.0/component.xml' ignored by IP packager.
INFO: [IP_Flow 19-3166] Bus Interface 'S_AXI': References existing memory map 'S_AXI'.
ipx::remove_all_hdl_parameter -remove_inferred_params [ipx::current_core]
ipx::add_model_parameters_from_hdl [ipx::current_core] -top_level_hdl_file /home/peter/Documents/PYNQ/LABS/lab3/led_ip/ip_repo/led_ip_1.0/hdl/led_ip_v1_0.v -top_module_name led_ip_v1_0
ipx::infer_user_parameters [ipx::current_core]
ipgui::add_param -name {LED_WIDTH} -component [ipx::current_core]
ipgui::add_param -name {C_S_AXI_DATA_WIDTH} -component [ipx::current_core]
ipgui::add_param -name {C_S_AXI_ADDR_WIDTH} -component [ipx::current_core]
set_property core_revision 2 [ipx::current_core]
ipx::update_source_project_archive -component [ipx::current_core]
ipx::create_xgui_files [ipx::current_core]
ipx::update_checksums [ipx::current_core]
ipx::save_core [ipx::current_core]
ipx::move_temp_component_back -component [ipx::current_core]
close_project -delete
update_ip_catalog -rebuild -repo_path /home/peter/Documents/PYNQ/LABS/lab3/led_ip/ip_repo/led_ip_1.0
INFO: [IP_Flow 19-725] Reloaded user IP repository '/home/peter/Documents/PYNQ/LABS/lab3/led_ip/ip_repo/led_ip_1.0'
close_project
open_project /home/peter/Documents/PYNQ/LABS/lab2/lab2.xpr
INFO: [Project 1-313] Project file moved from 'D:/PYNQ/LABS/lab2' since last save.
ERROR: [BD 41-2004] The design in BD file 'system.bd' is empty. An error must have occurred while reading the file.
Scanning sources...
Finished scanning sources
CRITICAL WARNING: [Board 49-67] The board_part definition was not found for tul.com.tw:pynq-z2:part0:1.0. This can happen sometimes when you use custom board part. You can resolve this issue by setting 'board.repoPaths' parameter, pointing to the location of custom board files. Valid board_part values can be retrieved with the 'get_board_parts' Tcl command.
INFO: [IP_Flow 19-234] Refreshing IP repositories
INFO: [IP_Flow 19-1704] No user IP repositories specified
INFO: [IP_Flow 19-2313] Loaded Vivado IP repository '/opt/Xilinx/Vivado/2018.2/data/ip'.
CRITICAL WARNING: [IP_Flow 19-5008] Invalid value for parameter usage type 'simulation.rtl'
CRITICAL WARNING: [IP_Flow 19-5008] Invalid value for parameter usage type 'simulation.rtl'
CRITICAL WARNING: [IP_Flow 19-5008] Invalid value for parameter usage type 'simulation.rtl'
CRITICAL WARNING: [IP_Flow 19-5008] Invalid value for parameter usage type 'simulation.rtl'
CRITICAL WARNING: [IP_Flow 19-5008] Invalid value for parameter usage type 'simulation.rtl'
CRITICAL WARNING: [IP_Flow 19-5008] Invalid value for parameter usage type 'simulation.rtl'
CRITICAL WARNING: [IP_Flow 19-5008] Invalid value for parameter usage type 'simulation.rtl'
CRITICAL WARNING: [IP_Flow 19-5008] Invalid value for parameter usage type 'simulation.rtl'
CRITICAL WARNING: [IP_Flow 19-5008] Invalid value for parameter usage type 'simulation.rtl'
CRITICAL WARNING: [IP_Flow 19-5008] Invalid value for parameter usage type 'simulation.rtl'
CRITICAL WARNING: [IP_Flow 19-5008] Invalid value for parameter usage type 'simulation.rtl'
CRITICAL WARNING: [IP_Flow 19-5008] Invalid value for parameter usage type 'simulation.rtl'
CRITICAL WARNING: [IP_Flow 19-5008] Invalid value for parameter usage type 'simulation.rtl'
CRITICAL WARNING: [IP_Flow 19-5008] Invalid value for parameter usage type 'simulation.rtl'
CRITICAL WARNING: [IP_Flow 19-5008] Invalid value for parameter usage type 'simulation.rtl'
CRITICAL WARNING: [IP_Flow 19-5008] Invalid value for parameter usage type 'simulation.rtl'
CRITICAL WARNING: [IP_Flow 19-5008] Invalid value for parameter usage type 'simulation.rtl'
CRITICAL WARNING: [IP_Flow 19-5008] Invalid value for parameter usage type 'simulation.rtl'
CRITICAL WARNING: [IP_Flow 19-5008] Invalid value for parameter usage type 'simulation.rtl'
CRITICAL WARNING: [IP_Flow 19-5008] Invalid value for parameter usage type 'simulation.rtl'
CRITICAL WARNING: [IP_Flow 19-5008] Invalid value for parameter usage type 'simulation.rtl'
CRITICAL WARNING: [IP_Flow 19-5008] Invalid value for parameter usage type 'simulation.rtl'
CRITICAL WARNING: [IP_Flow 19-5008] Invalid value for parameter usage type 'simulation.rtl'
CRITICAL WARNING: [IP_Flow 19-5008] Invalid value for parameter usage type 'simulation.rtl'
CRITICAL WARNING: [IP_Flow 19-5008] Invalid value for parameter usage type 'simulation.rtl'
CRITICAL WARNING: [IP_Flow 19-5008] Invalid value for parameter usage type 'simulation.rtl'
CRITICAL WARNING: [IP_Flow 19-5008] Invalid value for parameter usage type 'simulation.rtl'
CRITICAL WARNING: [IP_Flow 19-5008] Invalid value for parameter usage type 'simulation.rtl'
CRITICAL WARNING: [IP_Flow 19-5008] Invalid value for parameter usage type 'simulation.rtl'
CRITICAL WARNING: [IP_Flow 19-5008] Invalid value for parameter usage type 'simulation.rtl'
CRITICAL WARNING: [IP_Flow 19-5008] Invalid value for parameter usage type 'simulation.rtl'
CRITICAL WARNING: [IP_Flow 19-5008] Invalid value for parameter usage type 'simulation.rtl'
CRITICAL WARNING: [IP_Flow 19-5008] Invalid value for parameter usage type 'simulation.rtl'
CRITICAL WARNING: [IP_Flow 19-5008] Invalid value for parameter usage type 'simulation.rtl'
CRITICAL WARNING: [IP_Flow 19-5008] Invalid value for parameter usage type 'simulation.rtl'
CRITICAL WARNING: [IP_Flow 19-5008] Invalid value for parameter usage type 'simulation.rtl'
CRITICAL WARNING: [IP_Flow 19-5008] Invalid value for parameter usage type 'simulation.rtl'
CRITICAL WARNING: [IP_Flow 19-5008] Invalid value for parameter usage type 'simulation.rtl'
CRITICAL WARNING: [IP_Flow 19-5008] Invalid value for parameter usage type 'simulation.rtl'
CRITICAL WARNING: [IP_Flow 19-5008] Invalid value for parameter usage type 'simulation.rtl'
CRITICAL WARNING: [IP_Flow 19-182] Failed to load BOM file '/home/peter/Documents/PYNQ/LABS/lab2/lab2.srcs/sources_1/bd/system/ip/system_processing_system7_0_0/system_processing_system7_0_0.xml'.
CRITICAL WARNING: [IP_Flow 19-183] Failed to load IP instance 'system_processing_system7_0_0'.
CRITICAL WARNING: [IP_Flow 19-1835] Failed to recreate IP instance 'system_processing_system7_0_0'. Error reading project file(s).
CRITICAL WARNING: [IP_Flow 19-5008] Invalid value for parameter usage type 'simulation.rtl'
CRITICAL WARNING: [IP_Flow 19-5008] Invalid value for parameter usage type 'simulation.rtl'
CRITICAL WARNING: [IP_Flow 19-5008] Invalid value for parameter usage type 'simulation.rtl'
CRITICAL WARNING: [IP_Flow 19-182] Failed to load BOM file '/home/peter/Documents/PYNQ/LABS/lab2/lab2.srcs/sources_1/bd/system/ip/system_axi_gpio_0_0/system_axi_gpio_0_0.xml'.
CRITICAL WARNING: [IP_Flow 19-183] Failed to load IP instance 'system_axi_gpio_0_0'.
CRITICAL WARNING: [IP_Flow 19-1835] Failed to recreate IP instance 'system_axi_gpio_0_0'. Error reading project file(s).
CRITICAL WARNING: [IP_Flow 19-5008] Invalid value for parameter usage type 'simulation.rtl'
CRITICAL WARNING: [IP_Flow 19-5008] Invalid value for parameter usage type 'simulation.rtl'
CRITICAL WARNING: [IP_Flow 19-5008] Invalid value for parameter usage type 'simulation.rtl'
CRITICAL WARNING: [IP_Flow 19-5008] Invalid value for parameter usage type 'simulation.rtl'
CRITICAL WARNING: [IP_Flow 19-5008] Invalid value for parameter usage type 'simulation.rtl'
CRITICAL WARNING: [IP_Flow 19-5008] Invalid value for parameter usage type 'simulation.rtl'
CRITICAL WARNING: [IP_Flow 19-5008] Invalid value for parameter usage type 'simulation.rtl'
CRITICAL WARNING: [IP_Flow 19-5008] Invalid value for parameter usage type 'simulation.rtl'
CRITICAL WARNING: [IP_Flow 19-5008] Invalid value for parameter usage type 'simulation.rtl'
CRITICAL WARNING: [IP_Flow 19-5008] Invalid value for parameter usage type 'simulation.rtl'
CRITICAL WARNING: [IP_Flow 19-5008] Invalid value for parameter usage type 'simulation.rtl'
CRITICAL WARNING: [IP_Flow 19-5008] Invalid value for parameter usage type 'simulation.rtl'
CRITICAL WARNING: [IP_Flow 19-5008] Invalid value for parameter usage type 'simulation.rtl'
CRITICAL WARNING: [IP_Flow 19-5008] Invalid value for parameter usage type 'simulation.rtl'
CRITICAL WARNING: [IP_Flow 19-5008] Invalid value for parameter usage type 'simulation.rtl'
CRITICAL WARNING: [IP_Flow 19-5008] Invalid value for parameter usage type 'simulation.rtl'
CRITICAL WARNING: [IP_Flow 19-5008] Invalid value for parameter usage type 'simulation.rtl'
CRITICAL WARNING: [IP_Flow 19-5008] Invalid value for parameter usage type 'simulation.rtl'
CRITICAL WARNING: [IP_Flow 19-5008] Invalid value for parameter usage type 'simulation.rtl'
CRITICAL WARNING: [IP_Flow 19-5008] Invalid value for parameter usage type 'simulation.rtl'
CRITICAL WARNING: [IP_Flow 19-5008] Invalid value for parameter usage type 'simulation.rtl'
CRITICAL WARNING: [IP_Flow 19-5008] Invalid value for parameter usage type 'simulation.rtl'
CRITICAL WARNING: [IP_Flow 19-5008] Invalid value for parameter usage type 'simulation.rtl'
CRITICAL WARNING: [IP_Flow 19-5008] Invalid value for parameter usage type 'simulation.rtl'
CRITICAL WARNING: [IP_Flow 19-5008] Invalid value for parameter usage type 'simulation.rtl'
CRITICAL WARNING: [IP_Flow 19-5008] Invalid value for parameter usage type 'simulation.rtl'
CRITICAL WARNING: [IP_Flow 19-5008] Invalid value for parameter usage type 'simulation.rtl'
CRITICAL WARNING: [IP_Flow 19-5008] Invalid value for parameter usage type 'simulation.rtl'
CRITICAL WARNING: [IP_Flow 19-5008] Invalid value for parameter usage type 'simulation.rtl'
CRITICAL WARNING: [IP_Flow 19-5008] Invalid value for parameter usage type 'simulation.rtl'
CRITICAL WARNING: [IP_Flow 19-5008] Invalid value for parameter usage type 'simulation.rtl'
CRITICAL WARNING: [IP_Flow 19-5008] Invalid value for parameter usage type 'simulation.rtl'
CRITICAL WARNING: [IP_Flow 19-5008] Invalid value for parameter usage type 'simulation.rtl'
CRITICAL WARNING: [IP_Flow 19-5008] Invalid value for parameter usage type 'simulation.rtl'
CRITICAL WARNING: [IP_Flow 19-182] Failed to load BOM file '/home/peter/Documents/PYNQ/LABS/lab2/lab2.srcs/sources_1/bd/system/ip/system_xbar_0/system_xbar_0.xml'.
CRITICAL WARNING: [IP_Flow 19-183] Failed to load IP instance 'system_xbar_0'.
CRITICAL WARNING: [IP_Flow 19-1835] Failed to recreate IP instance 'system_xbar_0'. Error reading project file(s).
CRITICAL WARNING: [IP_Flow 19-5008] Invalid value for parameter usage type 'simulation.rtl'
CRITICAL WARNING: [IP_Flow 19-5008] Invalid value for parameter usage type 'simulation.rtl'
CRITICAL WARNING: [IP_Flow 19-5008] Invalid value for parameter usage type 'simulation.rtl'
CRITICAL WARNING: [IP_Flow 19-5008] Invalid value for parameter usage type 'simulation.rtl'
CRITICAL WARNING: [IP_Flow 19-182] Failed to load BOM file '/home/peter/Documents/PYNQ/LABS/lab2/lab2.srcs/sources_1/bd/system/ip/system_auto_pc_0/system_auto_pc_0.xml'.
CRITICAL WARNING: [IP_Flow 19-183] Failed to load IP instance 'system_auto_pc_0'.
CRITICAL WARNING: [IP_Flow 19-1835] Failed to recreate IP instance 'system_auto_pc_0'. Error reading project file(s).
CRITICAL WARNING: [IP_Flow 19-5008] Invalid value for parameter usage type 'simulation.rtl'
CRITICAL WARNING: [IP_Flow 19-5008] Invalid value for parameter usage type 'simulation.rtl'
CRITICAL WARNING: [IP_Flow 19-5008] Invalid value for parameter usage type 'simulation.rtl'
CRITICAL WARNING: [IP_Flow 19-5008] Invalid value for parameter usage type 'simulation.rtl'
CRITICAL WARNING: [IP_Flow 19-5008] Invalid value for parameter usage type 'simulation.rtl'
CRITICAL WARNING: [IP_Flow 19-5008] Invalid value for parameter usage type 'simulation.rtl'
CRITICAL WARNING: [IP_Flow 19-5008] Invalid value for parameter usage type 'simulation.rtl'
CRITICAL WARNING: [IP_Flow 19-5008] Invalid value for parameter usage type 'simulation.rtl'
CRITICAL WARNING: [IP_Flow 19-5008] Invalid value for parameter usage type 'simulation.rtl'
CRITICAL WARNING: [IP_Flow 19-182] Failed to load BOM file '/home/peter/Documents/PYNQ/LABS/lab2/lab2.srcs/sources_1/bd/system/ip/system_rst_ps7_0_100M_0/system_rst_ps7_0_100M_0.xml'.
CRITICAL WARNING: [IP_Flow 19-183] Failed to load IP instance 'system_rst_ps7_0_100M_0'.
CRITICAL WARNING: [IP_Flow 19-1835] Failed to recreate IP instance 'system_rst_ps7_0_100M_0'. Error reading project file(s).
CRITICAL WARNING: [IP_Flow 19-5008] Invalid value for parameter usage type 'simulation.rtl'
CRITICAL WARNING: [IP_Flow 19-5008] Invalid value for parameter usage type 'simulation.rtl'
CRITICAL WARNING: [IP_Flow 19-5008] Invalid value for parameter usage type 'simulation.rtl'
CRITICAL WARNING: [IP_Flow 19-182] Failed to load BOM file '/home/peter/Documents/PYNQ/LABS/lab2/lab2.srcs/sources_1/bd/system/ip/system_axi_gpio_0_1/system_axi_gpio_0_1.xml'.
CRITICAL WARNING: [IP_Flow 19-183] Failed to load IP instance 'system_axi_gpio_0_1'.
CRITICAL WARNING: [IP_Flow 19-1835] Failed to recreate IP instance 'system_axi_gpio_0_1'. Error reading project file(s).
WARNING: [BD 41-1663] The design 'system.bd' cannot be modified due to following reason(s):
* Project is read-only. Please run 'save_project_as' before making any change to the bd-design. 

WARNING: [BD 41-1661] One or more IPs have been locked in the design 'system.bd'. Please run report_ip_status for more details and recommendations on how to fix this issue.
List of locked IPs:
system_ps7_0_axi_periph_0

WARNING: [Project 1-231] Project 'lab2.xpr' was created with a future version and may or may not perform reliably with this version of Vivado. It has been opened in read-only mode for the protection of unrecognized data. Use 'File | Save Project As...' if you wish to alter a copy of the project.
open_project: Time (s): cpu = 00:00:11 ; elapsed = 00:00:06 . Memory (MB): peak = 6370.277 ; gain = 0.000 ; free physical = 334 ; free virtual = 4000
ERROR: [Common 17-39] 'open_project' failed due to earlier errors.
update_compile_order -fileset sources_1
save_project_as lab2 /home/peter/Documents/PYNQ/LABS/lab3/lab2 -force
WARNING: [IP_Flow 19-2162] IP 'system_ps7_0_axi_periph_0' is locked:
* IP definition 'AXI Interconnect (2.1)' for IP 'system_ps7_0_axi_periph_0' (customized with software release 2018.3) has a different revision in the IP Catalog.
Please select 'Report IP Status' from the 'Tools/Report' menu or run Tcl command 'report_ip_status' for more information.
WARNING: [BD 41-1661] One or more IPs have been locked in the design 'system.bd'. Please run report_ip_status for more details and recommendations on how to fix this issue.
List of locked IPs:
system_ps7_0_axi_periph_0

save_project_as lab3 /home/peter/Documents/PYNQ/LABS/lab3/lab3 -force
WARNING: [IP_Flow 19-2162] IP 'system_ps7_0_axi_periph_0' is locked:
* IP definition 'AXI Interconnect (2.1)' for IP 'system_ps7_0_axi_periph_0' (customized with software release 2018.3) has a different revision in the IP Catalog.
Please select 'Report IP Status' from the 'Tools/Report' menu or run Tcl command 'report_ip_status' for more information.
WARNING: [BD 41-1661] One or more IPs have been locked in the design 'system.bd'. Please run report_ip_status for more details and recommendations on how to fix this issue.
List of locked IPs:
system_ps7_0_axi_periph_0

WARNING: [IP_Flow 19-3899] Cannot get the environment domain name variable for the component vendor name. Setting the vendor name to 'user.org'.
set_property  ip_repo_paths  /home/peter/Documents/PYNQ/LABS/lab3/led_ip [current_project]
update_ip_catalog
INFO: [IP_Flow 19-234] Refreshing IP repositories
INFO: [IP_Flow 19-1700] Loaded user IP repository '/home/peter/Documents/PYNQ/LABS/lab3/led_ip'.
WARNING: [IP_Flow 19-3899] Cannot get the environment domain name variable for the component vendor name. Setting the vendor name to 'user.org'.
WARNING: [IP_Flow 19-3899] Cannot get the environment domain name variable for the component vendor name. Setting the vendor name to 'user.org'.
update_ip_catalog
WARNING: [IP_Flow 19-3899] Cannot get the environment domain name variable for the component vendor name. Setting the vendor name to 'user.org'.
open_bd_design {/home/peter/Documents/PYNQ/LABS/lab3/lab3/lab3.srcs/sources_1/bd/system/system.bd}
ERROR: [BD 41-469] Cannot find top attribute on <bd:repository> element in BD file
ERROR: [BD 41-1157] Failed to parse Design <system> from BD file </home/peter/Documents/PYNQ/LABS/lab3/lab3/lab3.srcs/sources_1/bd/system/system.bd>
ERROR: [BD 41-425] Failed to read Diagram <system> from BD file </home/peter/Documents/PYNQ/LABS/lab3/lab3/lab3.srcs/sources_1/bd/system/system.bd>
ERROR: [Common 17-39] 'open_bd_design' failed due to earlier errors.
exit
INFO: [Common 17-206] Exiting Vivado at Fri Jun 18 18:21:50 2021...
