23:12:44 INFO  : Registering command handlers for SDK TCF services
23:12:46 INFO  : Launching XSCT server: xsct -n -interactive /home/peter/Documents/PYNQ/LABS/lab3/lab3/lab3.sdk/temp_xsdb_launch_script.tcl
23:12:49 INFO  : XSCT server has started successfully.
23:12:49 INFO  : Successfully done setting XSCT server connection channel  
23:12:50 INFO  : Successfully done setting SDK workspace  
23:12:50 INFO  : Processing command line option -hwspec /home/peter/Documents/PYNQ/LABS/lab3/lab3/lab3.sdk/system_wrapper.hdf.
00:22:30 INFO  : No changes in MSS file content so not generating sources.
01:03:59 INFO  : Connected to target on host '127.0.0.1' and port '3121'.
01:03:59 INFO  : 'targets -set -filter {jtag_cable_name =~ "Xilinx TUL 1234-tulA" && level==0} -index 1' command is executed.
01:04:02 INFO  : FPGA configured successfully with bitstream "/home/peter/Documents/PYNQ/LABS/lab3/lab3/lab3.sdk/system_wrapper_hw_platform_0/system_wrapper.bit"
01:04:47 INFO  : 'targets -set -filter {jtag_cable_name =~ "Xilinx TUL 1234-tulA" && level==0} -index 1' command is executed.
01:04:47 INFO  : 'fpga -state' command is executed.
01:04:47 INFO  : Connected to target on host '127.0.0.1' and port '3121'.
01:04:47 INFO  : Jtag cable 'Xilinx TUL 1234-tulA' is selected.
01:04:47 INFO  : 'jtag frequency' command is executed.
01:04:47 INFO  : Sourcing of '/home/peter/Documents/PYNQ/LABS/lab3/lab3/lab3.sdk/system_wrapper_hw_platform_0/ps7_init.tcl' is done.
01:04:47 INFO  : Context for 'APU' is selected.
01:04:47 INFO  : Hardware design information is loaded from '/home/peter/Documents/PYNQ/LABS/lab3/lab3/lab3.sdk/system_wrapper_hw_platform_0/system.hdf'.
01:04:47 INFO  : 'configparams force-mem-access 1' command is executed.
01:04:47 INFO  : Context for 'APU' is selected.
01:04:47 INFO  : 'stop' command is executed.
01:04:48 INFO  : 'ps7_init' command is executed.
01:04:48 INFO  : 'ps7_post_config' command is executed.
01:04:48 INFO  : Context for processor 'ps7_cortexa9_0' is selected.
01:04:48 INFO  : Processor reset is completed for 'ps7_cortexa9_0'.
01:04:48 INFO  : Context for processor 'ps7_cortexa9_0' is selected.
01:04:48 INFO  : The application '/home/peter/Documents/PYNQ/LABS/lab3/lab3/lab3.sdk/lab3/Debug/lab3.elf' is downloaded to processor 'ps7_cortexa9_0'.
01:04:48 INFO  : 'configparams force-mem-access 0' command is executed.
01:04:48 INFO  : ----------------XSDB Script----------------
connect -url tcp:127.0.0.1:3121
source /home/peter/Documents/PYNQ/LABS/lab3/lab3/lab3.sdk/system_wrapper_hw_platform_0/ps7_init.tcl
targets -set -nocase -filter {name =~"APU*" && jtag_cable_name =~ "Xilinx TUL 1234-tulA"} -index 0
loadhw -hw /home/peter/Documents/PYNQ/LABS/lab3/lab3/lab3.sdk/system_wrapper_hw_platform_0/system.hdf -mem-ranges [list {0x40000000 0xbfffffff}]
configparams force-mem-access 1
targets -set -nocase -filter {name =~"APU*" && jtag_cable_name =~ "Xilinx TUL 1234-tulA"} -index 0
stop
ps7_init
ps7_post_config
targets -set -nocase -filter {name =~ "ARM*#0" && jtag_cable_name =~ "Xilinx TUL 1234-tulA"} -index 0
rst -processor
targets -set -nocase -filter {name =~ "ARM*#0" && jtag_cable_name =~ "Xilinx TUL 1234-tulA"} -index 0
dow /home/peter/Documents/PYNQ/LABS/lab3/lab3/lab3.sdk/lab3/Debug/lab3.elf
configparams force-mem-access 0
----------------End of Script----------------

01:04:48 INFO  : Memory regions updated for context APU
01:04:48 INFO  : Context for processor 'ps7_cortexa9_0' is selected.
01:04:48 INFO  : 'con' command is executed.
01:04:48 INFO  : ----------------XSDB Script (After Launch)----------------
targets -set -nocase -filter {name =~ "ARM*#0" && jtag_cable_name =~ "Xilinx TUL 1234-tulA"} -index 0
con
----------------End of Script----------------

01:04:48 INFO  : Launch script is exported to file '/home/peter/Documents/PYNQ/LABS/lab3/lab3/lab3.sdk/.sdk/launch_scripts/xilinx_c-c++_application_(system_debugger)/system_debugger_using_debug_lab3.elf_on_local.tcl'
01:10:34 INFO  : Disconnected from the channel tcfchan#1.
