13:14:38 INFO  : Registering command handlers for SDK TCF services
13:14:40 INFO  : Launching XSCT server: xsct -n -interactive /home/peter/Documents/PYNQ/LABS/lab5/lab5/lab5.sdk/temp_xsdb_launch_script.tcl
13:14:43 INFO  : XSCT server has started successfully.
13:14:43 INFO  : Successfully done setting XSCT server connection channel  
13:14:44 INFO  : Successfully done setting SDK workspace  
13:14:44 INFO  : Processing command line option -hwspec /home/peter/Documents/PYNQ/LABS/lab5/lab5/lab5.sdk/system_wrapper.hdf.
13:17:29 INFO  : Connected to target on host '127.0.0.1' and port '3121'.
13:17:29 INFO  : 'targets -set -filter {jtag_cable_name =~ "Xilinx TUL 1234-tulA" && level==0} -index 1' command is executed.
13:17:32 INFO  : FPGA configured successfully with bitstream "/home/peter/Documents/PYNQ/LABS/lab5/lab5/lab5.sdk/system_wrapper_hw_platform_0/system_wrapper.bit"
13:19:32 INFO  : 'targets -set -filter {jtag_cable_name =~ "Xilinx TUL 1234-tulA" && level==0} -index 1' command is executed.
13:19:32 INFO  : 'fpga -state' command is executed.
13:19:32 INFO  : Connected to target on host '127.0.0.1' and port '3121'.
13:19:33 INFO  : Jtag cable 'Xilinx TUL 1234-tulA' is selected.
13:19:33 INFO  : 'jtag frequency' command is executed.
13:19:33 INFO  : 'set bp_19_33_0 [bpadd -target-id all -ct-input {0} -ct-output {24 25 26 27}]' command is executed.
13:19:33 INFO  : 'set bp_19_33_1 [bpadd -target-id all -ct-input {24 25 26 27} -ct-output {0}]' command is executed.
13:19:33 INFO  : Sourcing of '/home/peter/Documents/PYNQ/LABS/lab5/lab5/lab5.sdk/system_wrapper_hw_platform_0/ps7_init.tcl' is done.
13:19:33 INFO  : Context for 'APU' is selected.
13:19:33 INFO  : Hardware design information is loaded from '/home/peter/Documents/PYNQ/LABS/lab5/lab5/lab5.sdk/system_wrapper_hw_platform_0/system.hdf'.
13:19:33 INFO  : 'configparams force-mem-access 1' command is executed.
13:19:33 INFO  : Context for 'APU' is selected.
13:19:33 INFO  : 'stop' command is executed.
13:19:33 INFO  : 'ps7_init' command is executed.
13:19:33 INFO  : 'ps7_post_config' command is executed.
13:19:34 INFO  : Context for processor 'ps7_cortexa9_0' is selected.
13:19:34 INFO  : Processor reset is completed for 'ps7_cortexa9_0'.
13:19:34 INFO  : Context for processor 'ps7_cortexa9_0' is selected.
13:19:34 INFO  : The application '/home/peter/Documents/PYNQ/LABS/lab5/lab5/lab5.sdk/lab5/Debug/lab5.elf' is downloaded to processor 'ps7_cortexa9_0'.
13:19:34 INFO  : 'configparams force-mem-access 0' command is executed.
13:19:34 INFO  : ----------------XSDB Script----------------
connect -url tcp:127.0.0.1:3121
set bp_19_33_0 [bpadd -target-id all -ct-input {0} -ct-output {24 25 26 27}]
set bp_19_33_1 [bpadd -target-id all -ct-input {24 25 26 27} -ct-output {0}]
source /home/peter/Documents/PYNQ/LABS/lab5/lab5/lab5.sdk/system_wrapper_hw_platform_0/ps7_init.tcl
targets -set -nocase -filter {name =~"APU*" && jtag_cable_name =~ "Xilinx TUL 1234-tulA"} -index 0
loadhw -hw /home/peter/Documents/PYNQ/LABS/lab5/lab5/lab5.sdk/system_wrapper_hw_platform_0/system.hdf -mem-ranges [list {0x40000000 0xbfffffff}]
configparams force-mem-access 1
targets -set -nocase -filter {name =~"APU*" && jtag_cable_name =~ "Xilinx TUL 1234-tulA"} -index 0
stop
ps7_init
ps7_post_config
targets -set -nocase -filter {name =~ "ARM*#0" && jtag_cable_name =~ "Xilinx TUL 1234-tulA"} -index 0
rst -processor
targets -set -nocase -filter {name =~ "ARM*#0" && jtag_cable_name =~ "Xilinx TUL 1234-tulA"} -index 0
dow /home/peter/Documents/PYNQ/LABS/lab5/lab5/lab5.sdk/lab5/Debug/lab5.elf
configparams force-mem-access 0
----------------End of Script----------------

13:19:34 INFO  : Memory regions updated for context APU
13:19:34 INFO  : Context for processor 'ps7_cortexa9_0' is selected.
13:19:34 INFO  : 'con' command is executed.
13:19:34 INFO  : ----------------XSDB Script (After Launch)----------------
targets -set -nocase -filter {name =~ "ARM*#0" && jtag_cable_name =~ "Xilinx TUL 1234-tulA"} -index 0
con
----------------End of Script----------------

13:19:34 INFO  : Launch script is exported to file '/home/peter/Documents/PYNQ/LABS/lab5/lab5/lab5.sdk/.sdk/launch_scripts/xilinx_c-c++_application_(system_debugger)/system_debugger_using_debug_lab5.elf_on_local.tcl'
13:32:54 INFO  : Disconnected from the channel tcfchan#1.
13:32:54 INFO  : 'bpremove $bp_19_33_0' command is executed.
13:32:54 INFO  : 'bpremove $bp_19_33_1' command is executed.
13:33:31 INFO  : Registering command handlers for SDK TCF services
13:33:33 INFO  : Launching XSCT server: xsct -n -interactive /home/peter/Documents/PYNQ/LABS/lab5/lab5/lab5.sdk/temp_xsdb_launch_script.tcl
13:33:36 INFO  : XSCT server has started successfully.
13:33:36 INFO  : Successfully done setting XSCT server connection channel  
13:33:36 INFO  : Successfully done setting SDK workspace  
13:33:36 INFO  : Processing command line option -hwspec /home/peter/Documents/PYNQ/LABS/lab5/lab5/lab5.sdk/system_wrapper.hdf.
13:33:36 INFO  : Checking for hwspec changes in the project system_wrapper_hw_platform_0.
13:35:13 INFO  : Registering command handlers for SDK TCF services
13:35:15 INFO  : Launching XSCT server: xsct -n -interactive /home/peter/Documents/PYNQ/LABS/lab5/lab5/lab5.sdk/temp_xsdb_launch_script.tcl
13:35:18 INFO  : XSCT server has started successfully.
13:35:18 INFO  : Successfully done setting XSCT server connection channel  
13:35:18 INFO  : Successfully done setting SDK workspace  
13:35:18 INFO  : Processing command line option -hwspec /home/peter/Documents/PYNQ/LABS/lab5/lab5/lab5.sdk/system_wrapper.hdf.
13:35:18 INFO  : Checking for hwspec changes in the project system_wrapper_hw_platform_0.
13:35:47 INFO  : 'targets -set -filter {jtag_cable_name =~ "Xilinx TUL 1234-tulA" && level==0} -index 1' command is executed.
13:35:47 INFO  : 'fpga -state' command is executed.
13:35:47 INFO  : Connected to target on host '127.0.0.1' and port '3121'.
13:35:47 INFO  : Jtag cable 'Xilinx TUL 1234-tulA' is selected.
13:35:47 INFO  : 'jtag frequency' command is executed.
13:35:47 INFO  : 'set bp_35_47_0 [bpadd -target-id all -ct-input {0} -ct-output {24 25 26 27}]' command is executed.
13:35:47 INFO  : 'set bp_35_47_1 [bpadd -target-id all -ct-input {24 25 26 27} -ct-output {0}]' command is executed.
13:35:47 INFO  : Sourcing of '/home/peter/Documents/PYNQ/LABS/lab5/lab5/lab5.sdk/system_wrapper_hw_platform_0/ps7_init.tcl' is done.
13:35:47 INFO  : Context for 'APU' is selected.
13:35:47 INFO  : Hardware design information is loaded from '/home/peter/Documents/PYNQ/LABS/lab5/lab5/lab5.sdk/system_wrapper_hw_platform_0/system.hdf'.
13:35:47 INFO  : 'configparams force-mem-access 1' command is executed.
13:35:47 INFO  : Context for 'APU' is selected.
13:35:47 INFO  : 'stop' command is executed.
13:35:48 INFO  : 'ps7_init' command is executed.
13:35:48 INFO  : 'ps7_post_config' command is executed.
13:35:48 INFO  : Context for processor 'ps7_cortexa9_0' is selected.
13:35:48 INFO  : Processor reset is completed for 'ps7_cortexa9_0'.
13:35:48 INFO  : Context for processor 'ps7_cortexa9_0' is selected.
13:35:48 INFO  : The application '/home/peter/Documents/PYNQ/LABS/lab5/lab5/lab5.sdk/lab5/Debug/lab5.elf' is downloaded to processor 'ps7_cortexa9_0'.
13:35:48 INFO  : 'configparams force-mem-access 0' command is executed.
13:35:48 INFO  : ----------------XSDB Script----------------
connect -url tcp:127.0.0.1:3121
set bp_35_47_0 [bpadd -target-id all -ct-input {0} -ct-output {24 25 26 27}]
set bp_35_47_1 [bpadd -target-id all -ct-input {24 25 26 27} -ct-output {0}]
source /home/peter/Documents/PYNQ/LABS/lab5/lab5/lab5.sdk/system_wrapper_hw_platform_0/ps7_init.tcl
targets -set -nocase -filter {name =~"APU*" && jtag_cable_name =~ "Xilinx TUL 1234-tulA"} -index 0
loadhw -hw /home/peter/Documents/PYNQ/LABS/lab5/lab5/lab5.sdk/system_wrapper_hw_platform_0/system.hdf -mem-ranges [list {0x40000000 0xbfffffff}]
configparams force-mem-access 1
targets -set -nocase -filter {name =~"APU*" && jtag_cable_name =~ "Xilinx TUL 1234-tulA"} -index 0
stop
ps7_init
ps7_post_config
targets -set -nocase -filter {name =~ "ARM*#0" && jtag_cable_name =~ "Xilinx TUL 1234-tulA"} -index 0
rst -processor
targets -set -nocase -filter {name =~ "ARM*#0" && jtag_cable_name =~ "Xilinx TUL 1234-tulA"} -index 0
dow /home/peter/Documents/PYNQ/LABS/lab5/lab5/lab5.sdk/lab5/Debug/lab5.elf
configparams force-mem-access 0
----------------End of Script----------------

13:35:48 INFO  : Memory regions updated for context APU
13:35:48 INFO  : Context for processor 'ps7_cortexa9_0' is selected.
13:35:48 INFO  : 'con' command is executed.
13:35:48 INFO  : ----------------XSDB Script (After Launch)----------------
targets -set -nocase -filter {name =~ "ARM*#0" && jtag_cable_name =~ "Xilinx TUL 1234-tulA"} -index 0
con
----------------End of Script----------------

13:35:48 INFO  : Launch script is exported to file '/home/peter/Documents/PYNQ/LABS/lab5/lab5/lab5.sdk/.sdk/launch_scripts/xilinx_c-c++_application_(system_debugger)/system_debugger_using_debug_lab5.elf_on_local.tcl'
13:39:53 INFO  : Disconnected from the channel tcfchan#1.
13:39:53 INFO  : 'bpremove $bp_35_47_0' command is executed.
13:39:53 INFO  : 'bpremove $bp_35_47_1' command is executed.
