03:14:05 INFO  : Registering command handlers for SDK TCF services
03:14:07 INFO  : Launching XSCT server: xsct -n -interactive /home/peter/Documents/PYNQ/LABS/lab4/lab4.sdk/temp_xsdb_launch_script.tcl
03:14:10 INFO  : XSCT server has started successfully.
03:14:11 INFO  : Successfully done setting XSCT server connection channel  
03:14:11 INFO  : Successfully done setting SDK workspace  
03:14:11 INFO  : Processing command line option -hwspec /home/peter/Documents/PYNQ/LABS/lab4/lab4.sdk/system_wrapper.hdf.
03:16:42 ERROR : Unexpected Exception while launch bash shell: {}
java.io.IOException: Cannot run program "xterm" (in directory "/home/peter/Documents/PYNQ/LABS/lab4/lab4.sdk"): error=2, No such file or directory
	at java.lang.ProcessBuilder.start(ProcessBuilder.java:1048)
	at com.xilinx.sdk.xbash.OpenXBashHandler$1.run(OpenXBashHandler.java:73)
	at org.eclipse.swt.widgets.RunnableLock.run(RunnableLock.java:35)
	at org.eclipse.swt.widgets.Synchronizer.runAsyncMessages(Synchronizer.java:182)
	at org.eclipse.swt.widgets.Display.runAsyncMessages(Display.java:4528)
	at org.eclipse.swt.widgets.Display.readAndDispatch(Display.java:4146)
	at org.eclipse.e4.ui.internal.workbench.swt.PartRenderingEngine$4.run(PartRenderingEngine.java:1121)
	at org.eclipse.core.databinding.observable.Realm.runWithDefault(Realm.java:336)
	at org.eclipse.e4.ui.internal.workbench.swt.PartRenderingEngine.run(PartRenderingEngine.java:1022)
	at org.eclipse.e4.ui.internal.workbench.E4Workbench.createAndRunUI(E4Workbench.java:150)
	at org.eclipse.ui.internal.Workbench$5.run(Workbench.java:687)
	at org.eclipse.core.databinding.observable.Realm.runWithDefault(Realm.java:336)
	at org.eclipse.ui.internal.Workbench.createAndRunWorkbench(Workbench.java:604)
	at org.eclipse.ui.PlatformUI.createAndRunWorkbench(PlatformUI.java:148)
	at org.eclipse.ui.internal.ide.application.IDEApplication.start(IDEApplication.java:138)
	at org.eclipse.equinox.internal.app.EclipseAppHandle.run(EclipseAppHandle.java:196)
	at org.eclipse.core.runtime.internal.adaptor.EclipseAppLauncher.runApplication(EclipseAppLauncher.java:134)
	at org.eclipse.core.runtime.internal.adaptor.EclipseAppLauncher.start(EclipseAppLauncher.java:104)
	at org.eclipse.core.runtime.adaptor.EclipseStarter.run(EclipseStarter.java:388)
	at org.eclipse.core.runtime.adaptor.EclipseStarter.run(EclipseStarter.java:243)
	at sun.reflect.NativeMethodAccessorImpl.invoke0(Native Method)
	at sun.reflect.NativeMethodAccessorImpl.invoke(NativeMethodAccessorImpl.java:62)
	at sun.reflect.DelegatingMethodAccessorImpl.invoke(DelegatingMethodAccessorImpl.java:43)
	at java.lang.reflect.Method.invoke(Method.java:498)
	at org.eclipse.equinox.launcher.Main.invokeFramework(Main.java:673)
	at org.eclipse.equinox.launcher.Main.basicRun(Main.java:610)
	at org.eclipse.equinox.launcher.Main.run(Main.java:1519)
	at org.eclipse.equinox.launcher.Main.main(Main.java:1492)
Caused by: java.io.IOException: error=2, No such file or directory
	at java.lang.UNIXProcess.forkAndExec(Native Method)
	at java.lang.UNIXProcess.<init>(UNIXProcess.java:247)
	at java.lang.ProcessImpl.start(ProcessImpl.java:134)
	at java.lang.ProcessBuilder.start(ProcessBuilder.java:1029)
	... 27 more
03:17:06 ERROR : Unexpected Exception while launch bash shell: {}
java.io.IOException: Cannot run program "xterm" (in directory "/home/peter/Documents/PYNQ/LABS/lab4/lab4.sdk"): error=2, No such file or directory
	at java.lang.ProcessBuilder.start(ProcessBuilder.java:1048)
	at com.xilinx.sdk.xbash.OpenXBashHandler$1.run(OpenXBashHandler.java:73)
	at org.eclipse.swt.widgets.RunnableLock.run(RunnableLock.java:35)
	at org.eclipse.swt.widgets.Synchronizer.runAsyncMessages(Synchronizer.java:182)
	at org.eclipse.swt.widgets.Display.runAsyncMessages(Display.java:4528)
	at org.eclipse.swt.widgets.Display.readAndDispatch(Display.java:4146)
	at org.eclipse.e4.ui.internal.workbench.swt.PartRenderingEngine$4.run(PartRenderingEngine.java:1121)
	at org.eclipse.core.databinding.observable.Realm.runWithDefault(Realm.java:336)
	at org.eclipse.e4.ui.internal.workbench.swt.PartRenderingEngine.run(PartRenderingEngine.java:1022)
	at org.eclipse.e4.ui.internal.workbench.E4Workbench.createAndRunUI(E4Workbench.java:150)
	at org.eclipse.ui.internal.Workbench$5.run(Workbench.java:687)
	at org.eclipse.core.databinding.observable.Realm.runWithDefault(Realm.java:336)
	at org.eclipse.ui.internal.Workbench.createAndRunWorkbench(Workbench.java:604)
	at org.eclipse.ui.PlatformUI.createAndRunWorkbench(PlatformUI.java:148)
	at org.eclipse.ui.internal.ide.application.IDEApplication.start(IDEApplication.java:138)
	at org.eclipse.equinox.internal.app.EclipseAppHandle.run(EclipseAppHandle.java:196)
	at org.eclipse.core.runtime.internal.adaptor.EclipseAppLauncher.runApplication(EclipseAppLauncher.java:134)
	at org.eclipse.core.runtime.internal.adaptor.EclipseAppLauncher.start(EclipseAppLauncher.java:104)
	at org.eclipse.core.runtime.adaptor.EclipseStarter.run(EclipseStarter.java:388)
	at org.eclipse.core.runtime.adaptor.EclipseStarter.run(EclipseStarter.java:243)
	at sun.reflect.NativeMethodAccessorImpl.invoke0(Native Method)
	at sun.reflect.NativeMethodAccessorImpl.invoke(NativeMethodAccessorImpl.java:62)
	at sun.reflect.DelegatingMethodAccessorImpl.invoke(DelegatingMethodAccessorImpl.java:43)
	at java.lang.reflect.Method.invoke(Method.java:498)
	at org.eclipse.equinox.launcher.Main.invokeFramework(Main.java:673)
	at org.eclipse.equinox.launcher.Main.basicRun(Main.java:610)
	at org.eclipse.equinox.launcher.Main.run(Main.java:1519)
	at org.eclipse.equinox.launcher.Main.main(Main.java:1492)
Caused by: java.io.IOException: error=2, No such file or directory
	at java.lang.UNIXProcess.forkAndExec(Native Method)
	at java.lang.UNIXProcess.<init>(UNIXProcess.java:247)
	at java.lang.ProcessImpl.start(ProcessImpl.java:134)
	at java.lang.ProcessBuilder.start(ProcessBuilder.java:1029)
	... 27 more
03:39:29 INFO  : Registering command handlers for SDK TCF services
03:39:31 INFO  : Launching XSCT server: xsct -n -interactive /home/peter/Documents/PYNQ/LABS/lab4/lab4.sdk/temp_xsdb_launch_script.tcl
03:39:34 INFO  : XSCT server has started successfully.
03:39:34 INFO  : Successfully done setting XSCT server connection channel  
03:39:34 INFO  : Successfully done setting SDK workspace  
03:39:34 INFO  : Processing command line option -hwspec /home/peter/Documents/PYNQ/LABS/lab4/lab4.sdk/system_wrapper.hdf.
03:39:35 INFO  : Checking for hwspec changes in the project system_wrapper_hw_platform_0.
03:40:18 ERROR : Unexpected Exception while launch bash shell: {}
java.io.IOException: Cannot run program "xterm" (in directory "/home/peter/Documents/PYNQ/LABS/lab4/lab4.sdk"): error=2, No such file or directory
	at java.lang.ProcessBuilder.start(ProcessBuilder.java:1048)
	at com.xilinx.sdk.xbash.OpenXBashHandler$1.run(OpenXBashHandler.java:73)
	at org.eclipse.swt.widgets.RunnableLock.run(RunnableLock.java:35)
	at org.eclipse.swt.widgets.Synchronizer.runAsyncMessages(Synchronizer.java:182)
	at org.eclipse.swt.widgets.Display.runAsyncMessages(Display.java:4528)
	at org.eclipse.swt.widgets.Display.readAndDispatch(Display.java:4146)
	at org.eclipse.e4.ui.internal.workbench.swt.PartRenderingEngine$4.run(PartRenderingEngine.java:1121)
	at org.eclipse.core.databinding.observable.Realm.runWithDefault(Realm.java:336)
	at org.eclipse.e4.ui.internal.workbench.swt.PartRenderingEngine.run(PartRenderingEngine.java:1022)
	at org.eclipse.e4.ui.internal.workbench.E4Workbench.createAndRunUI(E4Workbench.java:150)
	at org.eclipse.ui.internal.Workbench$5.run(Workbench.java:687)
	at org.eclipse.core.databinding.observable.Realm.runWithDefault(Realm.java:336)
	at org.eclipse.ui.internal.Workbench.createAndRunWorkbench(Workbench.java:604)
	at org.eclipse.ui.PlatformUI.createAndRunWorkbench(PlatformUI.java:148)
	at org.eclipse.ui.internal.ide.application.IDEApplication.start(IDEApplication.java:138)
	at org.eclipse.equinox.internal.app.EclipseAppHandle.run(EclipseAppHandle.java:196)
	at org.eclipse.core.runtime.internal.adaptor.EclipseAppLauncher.runApplication(EclipseAppLauncher.java:134)
	at org.eclipse.core.runtime.internal.adaptor.EclipseAppLauncher.start(EclipseAppLauncher.java:104)
	at org.eclipse.core.runtime.adaptor.EclipseStarter.run(EclipseStarter.java:388)
	at org.eclipse.core.runtime.adaptor.EclipseStarter.run(EclipseStarter.java:243)
	at sun.reflect.NativeMethodAccessorImpl.invoke0(Native Method)
	at sun.reflect.NativeMethodAccessorImpl.invoke(NativeMethodAccessorImpl.java:62)
	at sun.reflect.DelegatingMethodAccessorImpl.invoke(DelegatingMethodAccessorImpl.java:43)
	at java.lang.reflect.Method.invoke(Method.java:498)
	at org.eclipse.equinox.launcher.Main.invokeFramework(Main.java:673)
	at org.eclipse.equinox.launcher.Main.basicRun(Main.java:610)
	at org.eclipse.equinox.launcher.Main.run(Main.java:1519)
	at org.eclipse.equinox.launcher.Main.main(Main.java:1492)
Caused by: java.io.IOException: error=2, No such file or directory
	at java.lang.UNIXProcess.forkAndExec(Native Method)
	at java.lang.UNIXProcess.<init>(UNIXProcess.java:247)
	at java.lang.ProcessImpl.start(ProcessImpl.java:134)
	at java.lang.ProcessBuilder.start(ProcessBuilder.java:1029)
	... 27 more
09:59:14 INFO  : Registering command handlers for SDK TCF services
09:59:16 INFO  : Launching XSCT server: xsct -n -interactive /home/peter/Documents/PYNQ/LABS/lab4/lab4.sdk/temp_xsdb_launch_script.tcl
09:59:19 INFO  : XSCT server has started successfully.
09:59:19 INFO  : Successfully done setting XSCT server connection channel  
09:59:19 INFO  : Successfully done setting SDK workspace  
09:59:19 INFO  : Processing command line option -hwspec /home/peter/Documents/PYNQ/LABS/lab4/lab4.sdk/system_wrapper.hdf.
09:59:19 INFO  : Checking for hwspec changes in the project system_wrapper_hw_platform_0.
10:08:54 INFO  : Connected to target on host '127.0.0.1' and port '3121'.
10:09:30 INFO  : Connected to target on host '127.0.0.1' and port '3121'.
10:10:08 INFO  : Connected to target on host '127.0.0.1' and port '3121'.
10:10:14 INFO  : Connected to target on host '127.0.0.1' and port '3121'.
10:15:46 INFO  : Registering command handlers for SDK TCF services
10:15:47 INFO  : Launching XSCT server: xsct -n -interactive /home/peter/Documents/PYNQ/LABS/lab4/lab4.sdk/temp_xsdb_launch_script.tcl
10:15:51 INFO  : XSCT server has started successfully.
10:15:51 INFO  : Successfully done setting XSCT server connection channel  
10:15:51 INFO  : Successfully done setting SDK workspace  
10:15:51 INFO  : Processing command line option -hwspec /home/peter/Documents/PYNQ/LABS/lab4/lab4.sdk/system_wrapper.hdf.
10:15:51 INFO  : Checking for hwspec changes in the project system_wrapper_hw_platform_0.
10:20:05 INFO  : Connected to target on host '127.0.0.1' and port '3121'.
10:20:05 INFO  : 'targets -set -filter {jtag_cable_name =~ "Xilinx TUL 1234-tulA" && level==0} -index 1' command is executed.
10:20:07 INFO  : FPGA configured successfully with bitstream "/home/peter/Documents/PYNQ/LABS/lab4/lab4.sdk/system_wrapper_hw_platform_0/system_wrapper.bit"
10:21:03 INFO  : 'targets -set -filter {jtag_cable_name =~ "Xilinx TUL 1234-tulA" && level==0} -index 1' command is executed.
10:21:03 INFO  : 'fpga -state' command is executed.
10:21:03 INFO  : Connected to target on host '127.0.0.1' and port '3121'.
10:21:04 INFO  : Jtag cable 'Xilinx TUL 1234-tulA' is selected.
10:21:04 INFO  : 'jtag frequency' command is executed.
10:21:04 INFO  : Sourcing of '/home/peter/Documents/PYNQ/LABS/lab4/lab4.sdk/system_wrapper_hw_platform_0/ps7_init.tcl' is done.
10:21:04 INFO  : Context for 'APU' is selected.
10:21:04 INFO  : Hardware design information is loaded from '/home/peter/Documents/PYNQ/LABS/lab4/lab4.sdk/system_wrapper_hw_platform_0/system.hdf'.
10:21:04 INFO  : 'configparams force-mem-access 1' command is executed.
10:21:04 INFO  : Context for 'APU' is selected.
10:21:04 INFO  : 'stop' command is executed.
10:21:04 INFO  : 'ps7_init' command is executed.
10:21:04 INFO  : 'ps7_post_config' command is executed.
10:21:04 INFO  : Context for processor 'ps7_cortexa9_0' is selected.
10:21:04 INFO  : Processor reset is completed for 'ps7_cortexa9_0'.
10:21:04 INFO  : Context for processor 'ps7_cortexa9_0' is selected.
10:21:04 INFO  : The application '/home/peter/Documents/PYNQ/LABS/lab4/lab4.sdk/lab4/Debug/lab4.elf' is downloaded to processor 'ps7_cortexa9_0'.
10:21:04 INFO  : 'configparams force-mem-access 0' command is executed.
10:21:04 INFO  : ----------------XSDB Script----------------
connect -url tcp:127.0.0.1:3121
source /home/peter/Documents/PYNQ/LABS/lab4/lab4.sdk/system_wrapper_hw_platform_0/ps7_init.tcl
targets -set -nocase -filter {name =~"APU*" && jtag_cable_name =~ "Xilinx TUL 1234-tulA"} -index 0
loadhw -hw /home/peter/Documents/PYNQ/LABS/lab4/lab4.sdk/system_wrapper_hw_platform_0/system.hdf -mem-ranges [list {0x40000000 0xbfffffff}]
configparams force-mem-access 1
targets -set -nocase -filter {name =~"APU*" && jtag_cable_name =~ "Xilinx TUL 1234-tulA"} -index 0
stop
ps7_init
ps7_post_config
targets -set -nocase -filter {name =~ "ARM*#0" && jtag_cable_name =~ "Xilinx TUL 1234-tulA"} -index 0
rst -processor
targets -set -nocase -filter {name =~ "ARM*#0" && jtag_cable_name =~ "Xilinx TUL 1234-tulA"} -index 0
dow /home/peter/Documents/PYNQ/LABS/lab4/lab4.sdk/lab4/Debug/lab4.elf
configparams force-mem-access 0
----------------End of Script----------------

10:21:04 INFO  : Memory regions updated for context APU
10:21:05 INFO  : Context for processor 'ps7_cortexa9_0' is selected.
10:21:05 INFO  : 'con' command is executed.
10:21:05 INFO  : ----------------XSDB Script (After Launch)----------------
targets -set -nocase -filter {name =~ "ARM*#0" && jtag_cable_name =~ "Xilinx TUL 1234-tulA"} -index 0
con
----------------End of Script----------------

10:21:05 INFO  : Launch script is exported to file '/home/peter/Documents/PYNQ/LABS/lab4/lab4.sdk/.sdk/launch_scripts/xilinx_c-c++_application_(system_debugger)/system_debugger_using_debug_lab4.elf_on_local.tcl'
10:22:23 INFO  : Disconnected from the channel tcfchan#1.
10:22:24 INFO  : 'targets -set -filter {jtag_cable_name =~ "Xilinx TUL 1234-tulA" && level==0} -index 1' command is executed.
10:22:24 INFO  : 'fpga -state' command is executed.
10:22:24 INFO  : Connected to target on host '127.0.0.1' and port '3121'.
10:22:26 INFO  : Jtag cable 'Xilinx TUL 1234-tulA' is selected.
10:22:26 INFO  : 'jtag frequency' command is executed.
10:22:26 INFO  : Sourcing of '/home/peter/Documents/PYNQ/LABS/lab4/lab4.sdk/system_wrapper_hw_platform_0/ps7_init.tcl' is done.
10:22:26 INFO  : Context for 'APU' is selected.
10:22:26 INFO  : Hardware design information is loaded from '/home/peter/Documents/PYNQ/LABS/lab4/lab4.sdk/system_wrapper_hw_platform_0/system.hdf'.
10:22:26 INFO  : 'configparams force-mem-access 1' command is executed.
10:22:27 INFO  : Context for 'APU' is selected.
10:22:27 INFO  : 'stop' command is executed.
10:22:27 INFO  : 'ps7_init' command is executed.
10:22:27 INFO  : 'ps7_post_config' command is executed.
10:22:27 INFO  : Context for processor 'ps7_cortexa9_0' is selected.
10:22:27 INFO  : Processor reset is completed for 'ps7_cortexa9_0'.
10:22:27 INFO  : Context for processor 'ps7_cortexa9_0' is selected.
10:22:27 INFO  : The application '/home/peter/Documents/PYNQ/LABS/lab4/lab4.sdk/lab4/Debug/lab4.elf' is downloaded to processor 'ps7_cortexa9_0'.
10:22:27 INFO  : 'configparams force-mem-access 0' command is executed.
10:22:27 INFO  : ----------------XSDB Script----------------
connect -url tcp:127.0.0.1:3121
source /home/peter/Documents/PYNQ/LABS/lab4/lab4.sdk/system_wrapper_hw_platform_0/ps7_init.tcl
targets -set -nocase -filter {name =~"APU*" && jtag_cable_name =~ "Xilinx TUL 1234-tulA"} -index 0
loadhw -hw /home/peter/Documents/PYNQ/LABS/lab4/lab4.sdk/system_wrapper_hw_platform_0/system.hdf -mem-ranges [list {0x40000000 0xbfffffff}]
configparams force-mem-access 1
targets -set -nocase -filter {name =~"APU*" && jtag_cable_name =~ "Xilinx TUL 1234-tulA"} -index 0
stop
ps7_init
ps7_post_config
targets -set -nocase -filter {name =~ "ARM*#0" && jtag_cable_name =~ "Xilinx TUL 1234-tulA"} -index 0
rst -processor
targets -set -nocase -filter {name =~ "ARM*#0" && jtag_cable_name =~ "Xilinx TUL 1234-tulA"} -index 0
dow /home/peter/Documents/PYNQ/LABS/lab4/lab4.sdk/lab4/Debug/lab4.elf
configparams force-mem-access 0
----------------End of Script----------------

10:22:27 INFO  : Memory regions updated for context APU
10:22:27 INFO  : Context for processor 'ps7_cortexa9_0' is selected.
10:22:27 INFO  : 'con' command is executed.
10:22:27 INFO  : ----------------XSDB Script (After Launch)----------------
targets -set -nocase -filter {name =~ "ARM*#0" && jtag_cable_name =~ "Xilinx TUL 1234-tulA"} -index 0
con
----------------End of Script----------------

10:22:27 INFO  : Launch script is exported to file '/home/peter/Documents/PYNQ/LABS/lab4/lab4.sdk/.sdk/launch_scripts/xilinx_c-c++_application_(system_debugger)/system_debugger_using_debug_lab4.elf_on_local.tcl'
10:22:37 INFO  : Inferring section assignments and sizes from elf file: /home/peter/Documents/PYNQ/LABS/lab4/lab4.sdk/lab4/Debug/lab4.elf
10:24:00 INFO  : Successfully generated /home/peter/Documents/PYNQ/LABS/lab4/lab4.sdk/lab4/src/lscript.ld.
10:24:00 INFO  : Applying linker script to all configurations of project lab4.
10:24:00 INFO  : Setting rebuild state to true for all configurations of project lab4.
10:28:04 INFO  : Disconnected from the channel tcfchan#2.
10:28:05 INFO  : 'targets -set -filter {jtag_cable_name =~ "Xilinx TUL 1234-tulA" && level==0} -index 1' command is executed.
10:28:05 INFO  : 'fpga -state' command is executed.
10:28:05 INFO  : Connected to target on host '127.0.0.1' and port '3121'.
10:28:05 INFO  : Jtag cable 'Xilinx TUL 1234-tulA' is selected.
10:28:05 INFO  : 'jtag frequency' command is executed.
10:28:05 INFO  : Sourcing of '/home/peter/Documents/PYNQ/LABS/lab4/lab4.sdk/system_wrapper_hw_platform_0/ps7_init.tcl' is done.
10:28:05 INFO  : Context for 'APU' is selected.
10:28:07 INFO  : Hardware design information is loaded from '/home/peter/Documents/PYNQ/LABS/lab4/lab4.sdk/system_wrapper_hw_platform_0/system.hdf'.
10:28:07 INFO  : 'configparams force-mem-access 1' command is executed.
10:28:07 INFO  : Context for 'APU' is selected.
10:28:07 INFO  : 'stop' command is executed.
10:28:08 INFO  : 'ps7_init' command is executed.
10:28:08 INFO  : 'ps7_post_config' command is executed.
10:28:08 INFO  : Context for processor 'ps7_cortexa9_0' is selected.
10:28:08 INFO  : Processor reset is completed for 'ps7_cortexa9_0'.
10:28:08 INFO  : Context for processor 'ps7_cortexa9_0' is selected.
10:28:08 INFO  : The application '/home/peter/Documents/PYNQ/LABS/lab4/lab4.sdk/lab4/Debug/lab4.elf' is downloaded to processor 'ps7_cortexa9_0'.
10:28:08 INFO  : 'configparams force-mem-access 0' command is executed.
10:28:08 INFO  : ----------------XSDB Script----------------
connect -url tcp:127.0.0.1:3121
source /home/peter/Documents/PYNQ/LABS/lab4/lab4.sdk/system_wrapper_hw_platform_0/ps7_init.tcl
targets -set -nocase -filter {name =~"APU*" && jtag_cable_name =~ "Xilinx TUL 1234-tulA"} -index 0
loadhw -hw /home/peter/Documents/PYNQ/LABS/lab4/lab4.sdk/system_wrapper_hw_platform_0/system.hdf -mem-ranges [list {0x40000000 0xbfffffff}]
configparams force-mem-access 1
targets -set -nocase -filter {name =~"APU*" && jtag_cable_name =~ "Xilinx TUL 1234-tulA"} -index 0
stop
ps7_init
ps7_post_config
targets -set -nocase -filter {name =~ "ARM*#0" && jtag_cable_name =~ "Xilinx TUL 1234-tulA"} -index 0
rst -processor
targets -set -nocase -filter {name =~ "ARM*#0" && jtag_cable_name =~ "Xilinx TUL 1234-tulA"} -index 0
dow /home/peter/Documents/PYNQ/LABS/lab4/lab4.sdk/lab4/Debug/lab4.elf
configparams force-mem-access 0
----------------End of Script----------------

10:28:08 INFO  : Memory regions updated for context APU
10:28:08 INFO  : Context for processor 'ps7_cortexa9_0' is selected.
10:28:08 INFO  : 'con' command is executed.
10:28:08 INFO  : ----------------XSDB Script (After Launch)----------------
targets -set -nocase -filter {name =~ "ARM*#0" && jtag_cable_name =~ "Xilinx TUL 1234-tulA"} -index 0
con
----------------End of Script----------------

10:28:08 INFO  : Launch script is exported to file '/home/peter/Documents/PYNQ/LABS/lab4/lab4.sdk/.sdk/launch_scripts/xilinx_c-c++_application_(system_debugger)/system_debugger_using_debug_lab4.elf_on_local.tcl'
10:29:20 INFO  : Disconnected from the channel tcfchan#3.
14:26:51 INFO  : Registering command handlers for SDK TCF services
14:26:52 INFO  : Launching XSCT server: xsct -n -interactive /home/peter/Documents/PYNQ/LABS/lab4/lab4.sdk/temp_xsdb_launch_script.tcl
14:26:55 INFO  : XSCT server has started successfully.
14:26:55 INFO  : Successfully done setting XSCT server connection channel  
14:26:55 INFO  : Successfully done setting SDK workspace  
14:26:55 INFO  : Processing command line option -hwspec /home/peter/Documents/PYNQ/LABS/lab6/lab6.sdk/system_wrapper.hdf.
14:27:28 INFO  : Inferring section assignments and sizes from elf file: /home/peter/Documents/PYNQ/LABS/lab4/lab4.sdk/lab4/Debug/lab4.elf
14:27:59 INFO  : Successfully generated /home/peter/Documents/PYNQ/LABS/lab4/lab4.sdk/lab4/src/lscript.ld.
14:27:59 INFO  : Applying linker script to all configurations of project lab4.
14:27:59 INFO  : Setting rebuild state to true for all configurations of project lab4.
