22:16:29 INFO  : Registering command handlers for SDK TCF services
22:16:31 INFO  : Launching XSCT server: xsct -n -interactive /home/peter/Documents/PYNQ/LABS/lab2/lab2.sdk/temp_xsdb_launch_script.tcl
22:16:34 INFO  : XSCT server has started successfully.
22:16:34 INFO  : Successfully done setting XSCT server connection channel  
22:16:34 INFO  : Successfully done setting SDK workspace  
22:16:34 INFO  : Processing command line option -hwspec /home/peter/Documents/PYNQ/LABS/lab2/lab2.sdk/system_wrapper.hdf.
22:18:51 INFO  : Connected to target on host '127.0.0.1' and port '3121'.
22:18:52 INFO  : 'targets -set -filter {jtag_cable_name =~ "Xilinx TUL 1234-tulA" && level==0} -index 1' command is executed.
22:18:54 INFO  : FPGA configured successfully with bitstream "/home/peter/Documents/PYNQ/LABS/lab2/lab2.sdk/system_wrapper_hw_platform_0/system_wrapper.bit"
22:19:09 INFO  : 'targets -set -filter {jtag_cable_name =~ "Xilinx TUL 1234-tulA" && level==0} -index 1' command is executed.
22:19:09 INFO  : 'fpga -state' command is executed.
22:19:09 INFO  : Connected to target on host '127.0.0.1' and port '3121'.
22:19:10 INFO  : Jtag cable 'Xilinx TUL 1234-tulA' is selected.
22:19:10 INFO  : 'jtag frequency' command is executed.
22:19:10 INFO  : Sourcing of '/home/peter/Documents/PYNQ/LABS/lab2/lab2.sdk/system_wrapper_hw_platform_0/ps7_init.tcl' is done.
22:19:10 INFO  : Context for 'APU' is selected.
22:19:10 INFO  : Hardware design information is loaded from '/home/peter/Documents/PYNQ/LABS/lab2/lab2.sdk/system_wrapper_hw_platform_0/system.hdf'.
22:19:10 INFO  : 'configparams force-mem-access 1' command is executed.
22:19:10 INFO  : Context for 'APU' is selected.
22:19:10 INFO  : 'stop' command is executed.
22:19:10 INFO  : 'ps7_init' command is executed.
22:19:10 INFO  : 'ps7_post_config' command is executed.
22:19:10 INFO  : Context for processor 'ps7_cortexa9_0' is selected.
22:19:10 INFO  : Processor reset is completed for 'ps7_cortexa9_0'.
22:19:10 INFO  : Context for processor 'ps7_cortexa9_0' is selected.
22:19:10 INFO  : The application '/home/peter/Documents/PYNQ/LABS/lab2/lab2.sdk/lab2/Debug/lab2.elf' is downloaded to processor 'ps7_cortexa9_0'.
22:19:10 INFO  : 'configparams force-mem-access 0' command is executed.
22:19:10 INFO  : ----------------XSDB Script----------------
connect -url tcp:127.0.0.1:3121
source /home/peter/Documents/PYNQ/LABS/lab2/lab2.sdk/system_wrapper_hw_platform_0/ps7_init.tcl
targets -set -nocase -filter {name =~"APU*" && jtag_cable_name =~ "Xilinx TUL 1234-tulA"} -index 0
loadhw -hw /home/peter/Documents/PYNQ/LABS/lab2/lab2.sdk/system_wrapper_hw_platform_0/system.hdf -mem-ranges [list {0x40000000 0xbfffffff}]
configparams force-mem-access 1
targets -set -nocase -filter {name =~"APU*" && jtag_cable_name =~ "Xilinx TUL 1234-tulA"} -index 0
stop
ps7_init
ps7_post_config
targets -set -nocase -filter {name =~ "ARM*#0" && jtag_cable_name =~ "Xilinx TUL 1234-tulA"} -index 0
rst -processor
targets -set -nocase -filter {name =~ "ARM*#0" && jtag_cable_name =~ "Xilinx TUL 1234-tulA"} -index 0
dow /home/peter/Documents/PYNQ/LABS/lab2/lab2.sdk/lab2/Debug/lab2.elf
configparams force-mem-access 0
----------------End of Script----------------

22:19:10 INFO  : Memory regions updated for context APU
22:19:11 INFO  : Context for processor 'ps7_cortexa9_0' is selected.
22:19:11 INFO  : 'con' command is executed.
22:19:11 INFO  : ----------------XSDB Script (After Launch)----------------
targets -set -nocase -filter {name =~ "ARM*#0" && jtag_cable_name =~ "Xilinx TUL 1234-tulA"} -index 0
con
----------------End of Script----------------

22:19:11 INFO  : Launch script is exported to file '/home/peter/Documents/PYNQ/LABS/lab2/lab2.sdk/.sdk/launch_scripts/xilinx_c-c++_application_(system_debugger)/system_debugger_using_debug_lab2.elf_on_local.tcl'
22:21:34 INFO  : Disconnected from the channel tcfchan#1.
14:33:05 INFO  : Launching XSCT server: xsct -n -interactive /home/peter/Documents/PYNQ/LABS/lab2/lab2.sdk/temp_xsdb_launch_script.tcl
14:33:07 INFO  : XSCT server has started successfully.
14:33:07 INFO  : Successfully done setting XSCT server connection channel  
14:33:07 INFO  : Successfully done setting SDK workspace  
14:33:12 INFO  : Registering command handlers for SDK TCF services
14:33:13 INFO  : Processing command line option -hwspec /home/peter/Documents/PYNQ/LABS/lab6/lab6.sdk/system_wrapper.hdf.
14:33:42 INFO  : Inferring section assignments and sizes from elf file: /home/peter/Documents/PYNQ/LABS/lab2/lab2.sdk/lab2/Debug/lab2.elf
14:33:53 INFO  : Successfully generated /home/peter/Documents/PYNQ/LABS/lab2/lab2.sdk/lab2/src/lscript.ld.
14:33:53 INFO  : Applying linker script to all configurations of project lab2.
14:33:53 INFO  : Setting rebuild state to true for all configurations of project lab2.
