#-----------------------------------------------------------
# Webtalk v2018.2 (64-bit)
# SW Build 2258646 on Thu Jun 14 20:02:38 MDT 2018
# 
# Start of session at: Fri Jun 18 22:21:37 2021
# Process ID: 7678
# Current directory: /home/peter/Documents/PYNQ/LABS/lab2/lab2.sdk/webtalk
# Command line: wbtcv -mode batch -source sdk_webtalk.tcl
# Log file: /home/peter/Documents/PYNQ/LABS/lab2/lab2.sdk/webtalk/webtalk.log
# Journal file: /home/peter/Documents/PYNQ/LABS/lab2/lab2.sdk/webtalk/webtalk.jou
#-----------------------------------------------------------
source sdk_webtalk.tcl
# webtalk_init -webtalk_dir /home/peter/Documents/PYNQ/LABS/lab2/lab2.sdk/webtalk
# webtalk_register_client -client project
# webtalk_add_data -client project -key date_generated -value "2021-06-18 22:21:34" -context "software_version_and_target_device"
# webtalk_add_data -client project -key product_version -value "SDK v2018.2" -context "software_version_and_target_device"
# webtalk_add_data -client project -key build_version -value "2018.2" -context "software_version_and_target_device"
# webtalk_add_data -client project -key os_platform -value "amd64" -context "software_version_and_target_device"
# webtalk_add_data -client project -key registration_id -value "" -context "software_version_and_target_device"
# webtalk_add_data -client project -key tool_flow -value "SDK" -context "software_version_and_target_device"
# webtalk_add_data -client project -key beta -value "false" -context "software_version_and_target_device"
# webtalk_add_data -client project -key route_design -value "NA" -context "software_version_and_target_device"
# webtalk_add_data -client project -key target_family -value "NA" -context "software_version_and_target_device"
# webtalk_add_data -client project -key target_device -value "NA" -context "software_version_and_target_device"
# webtalk_add_data -client project -key target_package -value "NA" -context "software_version_and_target_device"
# webtalk_add_data -client project -key target_speed -value "NA" -context "software_version_and_target_device"
# webtalk_add_data -client project -key random_id -value "ul07mqtgncg5rjhnli29sv6tb1" -context "software_version_and_target_device"
# webtalk_add_data -client project -key project_id -value "2018.2_2" -context "software_version_and_target_device"
# webtalk_add_data -client project -key project_iteration -value "2" -context "software_version_and_target_device"
# webtalk_add_data -client project -key os_name -value "elementary" -context "user_environment"
# webtalk_add_data -client project -key os_release -value "elementary OS 5.1.7 Hera" -context "user_environment"
# webtalk_add_data -client project -key cpu_name -value "Intel(R) Core(TM) i3-5010U CPU @ 2.10GHz" -context "user_environment"
# webtalk_add_data -client project -key cpu_speed -value "1231.966 MHz" -context "user_environment"
# webtalk_add_data -client project -key total_processors -value "1" -context "user_environment"
# webtalk_add_data -client project -key system_ram -value "4.037 GB" -context "user_environment"
# webtalk_register_client -client sdk
# webtalk_add_data -client sdk -key uid -value "1624025798000" -context "sdk\\\\hardware/1624025798000"
# webtalk_add_data -client sdk -key isZynq -value "true" -context "sdk\\\\hardware/1624025798000"
# webtalk_add_data -client sdk -key isZynqMP -value "false" -context "sdk\\\\hardware/1624025798000"
# webtalk_add_data -client sdk -key Processors -value "2" -context "sdk\\\\hardware/1624025798000"
# webtalk_add_data -client sdk -key VivadoVersion -value "2018.2" -context "sdk\\\\hardware/1624025798000"
# webtalk_add_data -client sdk -key Arch -value "zynq" -context "sdk\\\\hardware/1624025798000"
# webtalk_add_data -client sdk -key Device -value "7z020" -context "sdk\\\\hardware/1624025798000"
# webtalk_add_data -client sdk -key IsHandoff -value "true" -context "sdk\\\\hardware/1624025798000"
# webtalk_add_data -client sdk -key os -value "NA" -context "sdk\\\\hardware/1624025798000"
# webtalk_add_data -client sdk -key apptemplate -value "NA" -context "sdk\\\\hardware/1624025798000"
# webtalk_add_data -client sdk -key RecordType -value "HWCreation" -context "sdk\\\\hardware/1624025798000"
# webtalk_add_data -client sdk -key uid -value "1624025826000" -context "sdk\\\\bsp/1624025826000"
# webtalk_add_data -client sdk -key hwid -value "1624025798000" -context "sdk\\\\bsp/1624025826000"
# webtalk_add_data -client sdk -key os -value "standalone" -context "sdk\\\\bsp/1624025826000"
# webtalk_add_data -client sdk -key apptemplate -value "null" -context "sdk\\\\bsp/1624025826000"
# webtalk_add_data -client sdk -key RecordType -value "BSPCreation" -context "sdk\\\\bsp/1624025826000"
# webtalk_add_data -client sdk -key uid -value "1624025852000" -context "sdk\\\\application/1624025852000"
# webtalk_add_data -client sdk -key hwid -value "1624025798000" -context "sdk\\\\application/1624025852000"
# webtalk_add_data -client sdk -key bspid -value "1624025826000" -context "sdk\\\\application/1624025852000"
# webtalk_add_data -client sdk -key newbsp -value "false" -context "sdk\\\\application/1624025852000"
# webtalk_add_data -client sdk -key os -value "standalone" -context "sdk\\\\application/1624025852000"
# webtalk_add_data -client sdk -key apptemplate -value "empty_application" -context "sdk\\\\application/1624025852000"
# webtalk_add_data -client sdk -key RecordType -value "APPCreation" -context "sdk\\\\application/1624025852000"
# webtalk_add_data -client sdk -key LangUsed -value "C" -context "sdk\\\\application/1624025852000"
# webtalk_add_data -client sdk -key Procused -value "ps7_cortexa9" -context "sdk\\\\application/1624025852000"
# webtalk_add_data -client sdk -key projSize -value "217.8359375" -context "sdk\\\\application/1624025852000"
# webtalk_add_data -client sdk -key uid -value "NA" -context "sdk\\\\bsp/1624026094597"
# webtalk_add_data -client sdk -key RecordType -value "ToolUsage" -context "sdk\\\\bsp/1624026094597"
# webtalk_add_data -client sdk -key BootgenCount -value "0" -context "sdk\\\\bsp/1624026094597"
# webtalk_add_data -client sdk -key DebugCount -value "1" -context "sdk\\\\bsp/1624026094597"
# webtalk_add_data -client sdk -key PerfCount -value "0" -context "sdk\\\\bsp/1624026094597"
# webtalk_add_data -client sdk -key FlashCount -value "0" -context "sdk\\\\bsp/1624026094597"
# webtalk_add_data -client sdk -key CrossTriggCount -value "0" -context "sdk\\\\bsp/1624026094597"
# webtalk_add_data -client sdk -key QemuDebugCount -value "0" -context "sdk\\\\bsp/1624026094597"
# webtalk_transmit -clientid 3246745398 -regid "" -xml /home/peter/Documents/PYNQ/LABS/lab2/lab2.sdk/webtalk/usage_statistics_ext_sdk.xml -html /home/peter/Documents/PYNQ/LABS/lab2/lab2.sdk/webtalk/usage_statistics_ext_sdk.html -wdm /home/peter/Documents/PYNQ/LABS/lab2/lab2.sdk/webtalk/sdk_webtalk.wdm -intro "<H3>SDK Usage Report</H3><BR>"
# webtalk_terminate
INFO: [Common 17-206] Exiting Webtalk at Fri Jun 18 22:21:39 2021...
