
*** Running vivado
    with args -log system_wrapper.vdi -applog -m64 -product Vivado -messageDb vivado.pb -mode batch -source system_wrapper.tcl -notrace


****** Vivado v2018.2 (64-bit)
  **** SW Build 2258646 on Thu Jun 14 20:02:38 MDT 2018
  **** IP Build 2256618 on Thu Jun 14 22:10:49 MDT 2018
    ** Copyright 1986-2018 Xilinx, Inc. All Rights Reserved.

source system_wrapper.tcl -notrace
INFO: [IP_Flow 19-234] Refreshing IP repositories
INFO: [IP_Flow 19-1700] Loaded user IP repository '/home/peter/Documents/PYNQ/LABS/lab3/led_ip'.
INFO: [IP_Flow 19-2313] Loaded Vivado IP repository '/opt/Xilinx/Vivado/2018.2/data/ip'.
Command: link_design -top system_wrapper -part xc7z020clg400-1
Design is defaulting to srcset: sources_1
Design is defaulting to constrset: constrs_1
INFO: [Project 1-454] Reading design checkpoint '/home/peter/Documents/PYNQ/LABS/lab4/lab4.srcs/sources_1/bd/system/ip/system_axi_bram_ctrl_0_0/system_axi_bram_ctrl_0_0.dcp' for cell 'system_i/axi_bram_ctrl_0'
INFO: [Project 1-454] Reading design checkpoint '/home/peter/Documents/PYNQ/LABS/lab4/lab4.srcs/sources_1/bd/system/ip/system_axi_bram_ctrl_0_bram_0/system_axi_bram_ctrl_0_bram_0.dcp' for cell 'system_i/axi_bram_ctrl_0_bram'
INFO: [Project 1-454] Reading design checkpoint '/home/peter/Documents/PYNQ/LABS/lab4/lab4.srcs/sources_1/bd/system/ip/system_axi_gpio_0_1/system_axi_gpio_0_1.dcp' for cell 'system_i/buttons'
INFO: [Project 1-454] Reading design checkpoint '/home/peter/Documents/PYNQ/LABS/lab4/lab4.srcs/sources_1/bd/system/ip/system_led_ip_0_0/system_led_ip_0_0.dcp' for cell 'system_i/led_ip_0'
INFO: [Project 1-454] Reading design checkpoint '/home/peter/Documents/PYNQ/LABS/lab4/lab4.srcs/sources_1/bd/system/ip/system_processing_system7_0_0/system_processing_system7_0_0.dcp' for cell 'system_i/processing_system7_0'
INFO: [Project 1-454] Reading design checkpoint '/home/peter/Documents/PYNQ/LABS/lab4/lab4.srcs/sources_1/bd/system/ip/system_rst_ps7_0_100M_0/system_rst_ps7_0_100M_0.dcp' for cell 'system_i/rst_ps7_0_100M'
INFO: [Project 1-454] Reading design checkpoint '/home/peter/Documents/PYNQ/LABS/lab4/lab4.srcs/sources_1/bd/system/ip/system_axi_gpio_0_0/system_axi_gpio_0_0.dcp' for cell 'system_i/switches'
INFO: [Project 1-454] Reading design checkpoint '/home/peter/Documents/PYNQ/LABS/lab4/lab4.srcs/sources_1/bd/system/ip/system_xbar_0/system_xbar_0.dcp' for cell 'system_i/ps7_0_axi_periph/xbar'
INFO: [Project 1-454] Reading design checkpoint '/home/peter/Documents/PYNQ/LABS/lab4/lab4.srcs/sources_1/bd/system/ip/system_auto_pc_0/system_auto_pc_0.dcp' for cell 'system_i/ps7_0_axi_periph/m00_couplers/auto_pc'
INFO: [Project 1-454] Reading design checkpoint '/home/peter/Documents/PYNQ/LABS/lab4/lab4.srcs/sources_1/bd/system/ip/system_auto_pc_1/system_auto_pc_1.dcp' for cell 'system_i/ps7_0_axi_periph/m01_couplers/auto_pc'
INFO: [Project 1-454] Reading design checkpoint '/home/peter/Documents/PYNQ/LABS/lab4/lab4.srcs/sources_1/bd/system/ip/system_auto_pc_2/system_auto_pc_2.dcp' for cell 'system_i/ps7_0_axi_periph/m02_couplers/auto_pc'
INFO: [Project 1-454] Reading design checkpoint '/home/peter/Documents/PYNQ/LABS/lab4/lab4.srcs/sources_1/bd/system/ip/system_auto_pc_3/system_auto_pc_3.dcp' for cell 'system_i/ps7_0_axi_periph/s00_couplers/auto_pc'
INFO: [Netlist 29-17] Analyzing 63 Unisim elements for replacement
INFO: [Netlist 29-28] Unisim Transformation completed in 0 CPU seconds
INFO: [Project 1-479] Netlist was created with Vivado 2018.2
INFO: [Device 21-403] Loading part xc7z020clg400-1
INFO: [Project 1-570] Preparing netlist for logic optimization
Parsing XDC File [/home/peter/Documents/PYNQ/LABS/lab4/lab4.srcs/sources_1/bd/system/ip/system_processing_system7_0_0/system_processing_system7_0_0.xdc] for cell 'system_i/processing_system7_0/inst'
Finished Parsing XDC File [/home/peter/Documents/PYNQ/LABS/lab4/lab4.srcs/sources_1/bd/system/ip/system_processing_system7_0_0/system_processing_system7_0_0.xdc] for cell 'system_i/processing_system7_0/inst'
Parsing XDC File [/home/peter/Documents/PYNQ/LABS/lab4/lab4.srcs/sources_1/bd/system/ip/system_axi_gpio_0_0/system_axi_gpio_0_0_board.xdc] for cell 'system_i/switches/U0'
Finished Parsing XDC File [/home/peter/Documents/PYNQ/LABS/lab4/lab4.srcs/sources_1/bd/system/ip/system_axi_gpio_0_0/system_axi_gpio_0_0_board.xdc] for cell 'system_i/switches/U0'
Parsing XDC File [/home/peter/Documents/PYNQ/LABS/lab4/lab4.srcs/sources_1/bd/system/ip/system_axi_gpio_0_0/system_axi_gpio_0_0.xdc] for cell 'system_i/switches/U0'
Finished Parsing XDC File [/home/peter/Documents/PYNQ/LABS/lab4/lab4.srcs/sources_1/bd/system/ip/system_axi_gpio_0_0/system_axi_gpio_0_0.xdc] for cell 'system_i/switches/U0'
Parsing XDC File [/home/peter/Documents/PYNQ/LABS/lab4/lab4.srcs/sources_1/bd/system/ip/system_rst_ps7_0_100M_0/system_rst_ps7_0_100M_0_board.xdc] for cell 'system_i/rst_ps7_0_100M/U0'
Finished Parsing XDC File [/home/peter/Documents/PYNQ/LABS/lab4/lab4.srcs/sources_1/bd/system/ip/system_rst_ps7_0_100M_0/system_rst_ps7_0_100M_0_board.xdc] for cell 'system_i/rst_ps7_0_100M/U0'
Parsing XDC File [/home/peter/Documents/PYNQ/LABS/lab4/lab4.srcs/sources_1/bd/system/ip/system_rst_ps7_0_100M_0/system_rst_ps7_0_100M_0.xdc] for cell 'system_i/rst_ps7_0_100M/U0'
Finished Parsing XDC File [/home/peter/Documents/PYNQ/LABS/lab4/lab4.srcs/sources_1/bd/system/ip/system_rst_ps7_0_100M_0/system_rst_ps7_0_100M_0.xdc] for cell 'system_i/rst_ps7_0_100M/U0'
Parsing XDC File [/home/peter/Documents/PYNQ/LABS/lab4/lab4.srcs/sources_1/bd/system/ip/system_axi_gpio_0_1/system_axi_gpio_0_1_board.xdc] for cell 'system_i/buttons/U0'
Finished Parsing XDC File [/home/peter/Documents/PYNQ/LABS/lab4/lab4.srcs/sources_1/bd/system/ip/system_axi_gpio_0_1/system_axi_gpio_0_1_board.xdc] for cell 'system_i/buttons/U0'
Parsing XDC File [/home/peter/Documents/PYNQ/LABS/lab4/lab4.srcs/sources_1/bd/system/ip/system_axi_gpio_0_1/system_axi_gpio_0_1.xdc] for cell 'system_i/buttons/U0'
Finished Parsing XDC File [/home/peter/Documents/PYNQ/LABS/lab4/lab4.srcs/sources_1/bd/system/ip/system_axi_gpio_0_1/system_axi_gpio_0_1.xdc] for cell 'system_i/buttons/U0'
Parsing XDC File [/home/peter/Documents/PYNQ/LABS/lab4/lab4.srcs/constrs_1/imports/lab3/lab3_pynq_z2.xdc]
Finished Parsing XDC File [/home/peter/Documents/PYNQ/LABS/lab4/lab4.srcs/constrs_1/imports/lab3/lab3_pynq_z2.xdc]
INFO: [Opt 31-138] Pushed 0 inverter(s) to 0 load pin(s).
Generating merged BMM file for the design top 'system_wrapper'...
INFO: [Project 1-111] Unisim Transformation Summary:
No Unisim elements were transformed.

22 Infos, 0 Warnings, 0 Critical Warnings and 0 Errors encountered.
link_design completed successfully
link_design: Time (s): cpu = 00:00:23 ; elapsed = 00:00:41 . Memory (MB): peak = 1747.234 ; gain = 508.078 ; free physical = 516 ; free virtual = 3454
Command: opt_design
Attempting to get a license for feature 'Implementation' and/or device 'xc7z020'
INFO: [Common 17-349] Got license for feature 'Implementation' and/or device 'xc7z020'
Running DRC as a precondition to command opt_design

Starting DRC Task
INFO: [DRC 23-27] Running DRC with 4 threads
INFO: [Project 1-461] DRC finished with 0 Errors
INFO: [Project 1-462] Please refer to the DRC report (report_drc) for more information.

Time (s): cpu = 00:00:02 ; elapsed = 00:00:02 . Memory (MB): peak = 1747.234 ; gain = 0.000 ; free physical = 506 ; free virtual = 3446

Starting Cache Timing Information Task
INFO: [Timing 38-35] Done setting XDC timing constraints.
Ending Cache Timing Information Task | Checksum: 1b5357581

Time (s): cpu = 00:00:19 ; elapsed = 00:00:33 . Memory (MB): peak = 2079.730 ; gain = 332.496 ; free physical = 101 ; free virtual = 3057

Starting Logic Optimization Task

Phase 1 Retarget
INFO: [Opt 31-138] Pushed 1 inverter(s) to 2 load pin(s).
INFO: [Opt 31-49] Retargeted 0 cell(s).
Phase 1 Retarget | Checksum: 22864502b

Time (s): cpu = 00:00:00.62 ; elapsed = 00:00:00.45 . Memory (MB): peak = 2079.730 ; gain = 0.000 ; free physical = 103 ; free virtual = 3060
INFO: [Opt 31-389] Phase Retarget created 0 cells and removed 0 cells

Phase 2 Constant propagation
INFO: [Opt 31-138] Pushed 4 inverter(s) to 8 load pin(s).
Phase 2 Constant propagation | Checksum: 1cf4f1756

Time (s): cpu = 00:00:00.86 ; elapsed = 00:00:00.69 . Memory (MB): peak = 2079.730 ; gain = 0.000 ; free physical = 104 ; free virtual = 3060
INFO: [Opt 31-389] Phase Constant propagation created 67 cells and removed 253 cells

Phase 3 Sweep
Phase 3 Sweep | Checksum: 239eb6323

Time (s): cpu = 00:00:02 ; elapsed = 00:00:02 . Memory (MB): peak = 2079.730 ; gain = 0.000 ; free physical = 104 ; free virtual = 3060
INFO: [Opt 31-389] Phase Sweep created 0 cells and removed 772 cells

Phase 4 BUFG optimization
Phase 4 BUFG optimization | Checksum: 239eb6323

Time (s): cpu = 00:00:02 ; elapsed = 00:00:02 . Memory (MB): peak = 2079.730 ; gain = 0.000 ; free physical = 103 ; free virtual = 3059
INFO: [Opt 31-662] Phase BUFG optimization created 0 cells of which 0 are BUFGs and removed 0 cells.

Phase 5 Shift Register Optimization
Phase 5 Shift Register Optimization | Checksum: 222bcc84e

Time (s): cpu = 00:00:02 ; elapsed = 00:00:02 . Memory (MB): peak = 2079.730 ; gain = 0.000 ; free physical = 103 ; free virtual = 3059
INFO: [Opt 31-389] Phase Shift Register Optimization created 0 cells and removed 0 cells

Phase 6 Post Processing Netlist
Phase 6 Post Processing Netlist | Checksum: 222bcc84e

Time (s): cpu = 00:00:02 ; elapsed = 00:00:02 . Memory (MB): peak = 2079.730 ; gain = 0.000 ; free physical = 103 ; free virtual = 3059
INFO: [Opt 31-389] Phase Post Processing Netlist created 0 cells and removed 0 cells

Starting Connectivity Check Task

Time (s): cpu = 00:00:00.02 ; elapsed = 00:00:00.02 . Memory (MB): peak = 2079.730 ; gain = 0.000 ; free physical = 103 ; free virtual = 3059
Ending Logic Optimization Task | Checksum: 222bcc84e

Time (s): cpu = 00:00:03 ; elapsed = 00:00:02 . Memory (MB): peak = 2079.730 ; gain = 0.000 ; free physical = 103 ; free virtual = 3059

Starting Power Optimization Task
INFO: [Pwropt 34-132] Skipping clock gating for clocks with a period < 2.00 ns.
INFO: [Timing 38-35] Done setting XDC timing constraints.
INFO: [Pwropt 34-9] Applying IDT optimizations ...
INFO: [Pwropt 34-10] Applying ODC optimizations ...
INFO: [Physopt 32-619] Estimated Timing Summary | WNS=4.356 | TNS=0.000 |
Running Vector-less Activity Propagation...

Finished Running Vector-less Activity Propagation


Starting PowerOpt Patch Enables Task
INFO: [Pwropt 34-162] WRITE_MODE attribute of 0 BRAM(s) out of a total of 2 has been updated to save power. Run report_power_opt to get a complete listing of the BRAMs updated.
INFO: [Pwropt 34-201] Structural ODC has moved 0 WE to EN ports
Number of BRAM Ports augmented: 0 newly gated: 0 Total Ports: 4
Ending PowerOpt Patch Enables Task | Checksum: 222bcc84e

Time (s): cpu = 00:00:00.02 ; elapsed = 00:00:00.03 . Memory (MB): peak = 2325.895 ; gain = 0.000 ; free physical = 184 ; free virtual = 3094
Ending Power Optimization Task | Checksum: 222bcc84e

Time (s): cpu = 00:00:04 ; elapsed = 00:00:02 . Memory (MB): peak = 2325.895 ; gain = 246.164 ; free physical = 191 ; free virtual = 3101

Starting Final Cleanup Task
Ending Final Cleanup Task | Checksum: 222bcc84e

Time (s): cpu = 00:00:00 ; elapsed = 00:00:00 . Memory (MB): peak = 2325.895 ; gain = 0.000 ; free physical = 191 ; free virtual = 3101
INFO: [Common 17-83] Releasing license: Implementation
44 Infos, 0 Warnings, 0 Critical Warnings and 0 Errors encountered.
opt_design completed successfully
opt_design: Time (s): cpu = 00:00:28 ; elapsed = 00:00:40 . Memory (MB): peak = 2325.895 ; gain = 578.660 ; free physical = 191 ; free virtual = 3101
INFO: [Timing 38-480] Writing timing data to binary archive.
Writing placer database...
Writing XDEF routing.
Writing XDEF routing logical nets.
Writing XDEF routing special nets.
Write XDEF Complete: Time (s): cpu = 00:00:00.28 ; elapsed = 00:00:00.08 . Memory (MB): peak = 2325.895 ; gain = 0.000 ; free physical = 179 ; free virtual = 3091
INFO: [Common 17-1381] The checkpoint '/home/peter/Documents/PYNQ/LABS/lab4/lab4.runs/impl_1/system_wrapper_opt.dcp' has been generated.
INFO: [runtcl-4] Executing : report_drc -file system_wrapper_drc_opted.rpt -pb system_wrapper_drc_opted.pb -rpx system_wrapper_drc_opted.rpx
Command: report_drc -file system_wrapper_drc_opted.rpt -pb system_wrapper_drc_opted.pb -rpx system_wrapper_drc_opted.rpx
INFO: [DRC 23-27] Running DRC with 4 threads
INFO: [Coretcl 2-168] The results of DRC are in file /home/peter/Documents/PYNQ/LABS/lab4/lab4.runs/impl_1/system_wrapper_drc_opted.rpt.
report_drc completed successfully
Command: place_design
Attempting to get a license for feature 'Implementation' and/or device 'xc7z020'
INFO: [Common 17-349] Got license for feature 'Implementation' and/or device 'xc7z020'
INFO: [DRC 23-27] Running DRC with 4 threads
INFO: [Vivado_Tcl 4-198] DRC finished with 0 Errors
INFO: [Vivado_Tcl 4-199] Please refer to the DRC report (report_drc) for more information.
Running DRC as a precondition to command place_design
INFO: [DRC 23-27] Running DRC with 4 threads
INFO: [Vivado_Tcl 4-198] DRC finished with 0 Errors
INFO: [Vivado_Tcl 4-199] Please refer to the DRC report (report_drc) for more information.

Starting Placer Task
INFO: [Place 30-611] Multithreading enabled for place_design using a maximum of 4 CPUs

Phase 1 Placer Initialization

Phase 1.1 Placer Initialization Netlist Sorting
Netlist sorting complete. Time (s): cpu = 00:00:00.01 ; elapsed = 00:00:00.02 . Memory (MB): peak = 2325.895 ; gain = 0.000 ; free physical = 175 ; free virtual = 3091
Phase 1.1 Placer Initialization Netlist Sorting | Checksum: 171e24176

Time (s): cpu = 00:00:00.02 ; elapsed = 00:00:00.05 . Memory (MB): peak = 2325.895 ; gain = 0.000 ; free physical = 175 ; free virtual = 3091
Netlist sorting complete. Time (s): cpu = 00:00:00.01 ; elapsed = 00:00:00.01 . Memory (MB): peak = 2325.895 ; gain = 0.000 ; free physical = 175 ; free virtual = 3091

Phase 1.2 IO Placement/ Clock Placement/ Build Placer Device
INFO: [Timing 38-35] Done setting XDC timing constraints.
Phase 1.2 IO Placement/ Clock Placement/ Build Placer Device | Checksum: 12b162d5c

Time (s): cpu = 00:00:03 ; elapsed = 00:00:03 . Memory (MB): peak = 2325.895 ; gain = 0.000 ; free physical = 171 ; free virtual = 3087

Phase 1.3 Build Placer Netlist Model
Phase 1.3 Build Placer Netlist Model | Checksum: 10da6fb92

Time (s): cpu = 00:00:05 ; elapsed = 00:00:04 . Memory (MB): peak = 2325.895 ; gain = 0.000 ; free physical = 161 ; free virtual = 3079

Phase 1.4 Constrain Clocks/Macros
Phase 1.4 Constrain Clocks/Macros | Checksum: 10da6fb92

Time (s): cpu = 00:00:05 ; elapsed = 00:00:04 . Memory (MB): peak = 2325.895 ; gain = 0.000 ; free physical = 161 ; free virtual = 3079
Phase 1 Placer Initialization | Checksum: 10da6fb92

Time (s): cpu = 00:00:05 ; elapsed = 00:00:04 . Memory (MB): peak = 2325.895 ; gain = 0.000 ; free physical = 161 ; free virtual = 3079

Phase 2 Global Placement

Phase 2.1 Floorplanning
Phase 2.1 Floorplanning | Checksum: 120bdfac1

Time (s): cpu = 00:00:05 ; elapsed = 00:00:04 . Memory (MB): peak = 2325.895 ; gain = 0.000 ; free physical = 158 ; free virtual = 3076

Phase 2.2 Physical Synthesis In Placer
INFO: [Physopt 32-65] No nets found for high-fanout optimization.
INFO: [Physopt 32-232] Optimized 0 net. Created 0 new instance.
INFO: [Physopt 32-775] End 1 Pass. Optimized 0 net or cell. Created 0 new cell, deleted 0 existing cell and moved 0 existing cell
Netlist sorting complete. Time (s): cpu = 00:00:00.01 ; elapsed = 00:00:00.01 . Memory (MB): peak = 2325.895 ; gain = 0.000 ; free physical = 147 ; free virtual = 3067

Summary of Physical Synthesis Optimizations
============================================


-----------------------------------------------------------------------------------------------------------------------------
|  Optimization       |  Added Cells  |  Removed Cells  |  Optimized Cells/Nets  |  Dont Touch  |  Iterations  |  Elapsed   |
-----------------------------------------------------------------------------------------------------------------------------
|  Very High Fanout   |            0  |              0  |                     0  |           0  |           1  |  00:00:00  |
|  Total              |            0  |              0  |                     0  |           0  |           1  |  00:00:00  |
-----------------------------------------------------------------------------------------------------------------------------


Phase 2.2 Physical Synthesis In Placer | Checksum: bbfc5664

Time (s): cpu = 00:00:12 ; elapsed = 00:00:08 . Memory (MB): peak = 2325.895 ; gain = 0.000 ; free physical = 147 ; free virtual = 3067
Phase 2 Global Placement | Checksum: ea17a1c3

Time (s): cpu = 00:00:13 ; elapsed = 00:00:08 . Memory (MB): peak = 2325.895 ; gain = 0.000 ; free physical = 148 ; free virtual = 3069

Phase 3 Detail Placement

Phase 3.1 Commit Multi Column Macros
Phase 3.1 Commit Multi Column Macros | Checksum: ea17a1c3

Time (s): cpu = 00:00:13 ; elapsed = 00:00:08 . Memory (MB): peak = 2325.895 ; gain = 0.000 ; free physical = 148 ; free virtual = 3069

Phase 3.2 Commit Most Macros & LUTRAMs
Phase 3.2 Commit Most Macros & LUTRAMs | Checksum: 166a146a8

Time (s): cpu = 00:00:14 ; elapsed = 00:00:09 . Memory (MB): peak = 2325.895 ; gain = 0.000 ; free physical = 146 ; free virtual = 3067

Phase 3.3 Area Swap Optimization
Phase 3.3 Area Swap Optimization | Checksum: 157c22fe9

Time (s): cpu = 00:00:14 ; elapsed = 00:00:09 . Memory (MB): peak = 2325.895 ; gain = 0.000 ; free physical = 146 ; free virtual = 3067

Phase 3.4 Pipeline Register Optimization
Phase 3.4 Pipeline Register Optimization | Checksum: 157c22fe9

Time (s): cpu = 00:00:14 ; elapsed = 00:00:09 . Memory (MB): peak = 2325.895 ; gain = 0.000 ; free physical = 146 ; free virtual = 3067

Phase 3.5 Small Shape Detail Placement
Phase 3.5 Small Shape Detail Placement | Checksum: 15e6f65ce

Time (s): cpu = 00:00:16 ; elapsed = 00:00:10 . Memory (MB): peak = 2325.895 ; gain = 0.000 ; free physical = 142 ; free virtual = 3063

Phase 3.6 Re-assign LUT pins
Phase 3.6 Re-assign LUT pins | Checksum: 140ea4b39

Time (s): cpu = 00:00:16 ; elapsed = 00:00:10 . Memory (MB): peak = 2325.895 ; gain = 0.000 ; free physical = 142 ; free virtual = 3064

Phase 3.7 Pipeline Register Optimization
Phase 3.7 Pipeline Register Optimization | Checksum: 140ea4b39

Time (s): cpu = 00:00:16 ; elapsed = 00:00:10 . Memory (MB): peak = 2325.895 ; gain = 0.000 ; free physical = 142 ; free virtual = 3064
Phase 3 Detail Placement | Checksum: 140ea4b39

Time (s): cpu = 00:00:16 ; elapsed = 00:00:10 . Memory (MB): peak = 2325.895 ; gain = 0.000 ; free physical = 142 ; free virtual = 3064

Phase 4 Post Placement Optimization and Clean-Up

Phase 4.1 Post Commit Optimization
INFO: [Timing 38-35] Done setting XDC timing constraints.

Phase 4.1.1 Post Placement Optimization
Post Placement Optimization Initialization | Checksum: 210b34519

Phase 4.1.1.1 BUFG Insertion
INFO: [Place 46-31] BUFG insertion identified 0 candidate nets, 0 success, 0 skipped for placement/routing, 0 skipped for timing, 0 skipped for netlist change reason.
Phase 4.1.1.1 BUFG Insertion | Checksum: 210b34519

Time (s): cpu = 00:00:18 ; elapsed = 00:00:11 . Memory (MB): peak = 2325.895 ; gain = 0.000 ; free physical = 143 ; free virtual = 3065
INFO: [Place 30-746] Post Placement Timing Summary WNS=2.644. For the most accurate timing information please run report_timing.
Phase 4.1.1 Post Placement Optimization | Checksum: 15e27d3cd

Time (s): cpu = 00:00:18 ; elapsed = 00:00:11 . Memory (MB): peak = 2325.895 ; gain = 0.000 ; free physical = 144 ; free virtual = 3065
Phase 4.1 Post Commit Optimization | Checksum: 15e27d3cd

Time (s): cpu = 00:00:18 ; elapsed = 00:00:11 . Memory (MB): peak = 2325.895 ; gain = 0.000 ; free physical = 144 ; free virtual = 3065

Phase 4.2 Post Placement Cleanup
Phase 4.2 Post Placement Cleanup | Checksum: 15e27d3cd

Time (s): cpu = 00:00:18 ; elapsed = 00:00:11 . Memory (MB): peak = 2325.895 ; gain = 0.000 ; free physical = 144 ; free virtual = 3066

Phase 4.3 Placer Reporting
Phase 4.3 Placer Reporting | Checksum: 15e27d3cd

Time (s): cpu = 00:00:18 ; elapsed = 00:00:11 . Memory (MB): peak = 2325.895 ; gain = 0.000 ; free physical = 144 ; free virtual = 3066

Phase 4.4 Final Placement Cleanup
Phase 4.4 Final Placement Cleanup | Checksum: 10f32239c

Time (s): cpu = 00:00:18 ; elapsed = 00:00:11 . Memory (MB): peak = 2325.895 ; gain = 0.000 ; free physical = 144 ; free virtual = 3066
Phase 4 Post Placement Optimization and Clean-Up | Checksum: 10f32239c

Time (s): cpu = 00:00:18 ; elapsed = 00:00:11 . Memory (MB): peak = 2325.895 ; gain = 0.000 ; free physical = 144 ; free virtual = 3066
Ending Placer Task | Checksum: d96309bc

Time (s): cpu = 00:00:18 ; elapsed = 00:00:11 . Memory (MB): peak = 2325.895 ; gain = 0.000 ; free physical = 155 ; free virtual = 3077
INFO: [Common 17-83] Releasing license: Implementation
65 Infos, 0 Warnings, 0 Critical Warnings and 0 Errors encountered.
place_design completed successfully
place_design: Time (s): cpu = 00:00:24 ; elapsed = 00:00:14 . Memory (MB): peak = 2325.895 ; gain = 0.000 ; free physical = 155 ; free virtual = 3077
INFO: [Timing 38-480] Writing timing data to binary archive.
Writing placer database...
Writing XDEF routing.
Writing XDEF routing logical nets.
Writing XDEF routing special nets.
Write XDEF Complete: Time (s): cpu = 00:00:01 ; elapsed = 00:00:00.41 . Memory (MB): peak = 2325.895 ; gain = 0.000 ; free physical = 147 ; free virtual = 3075
INFO: [Common 17-1381] The checkpoint '/home/peter/Documents/PYNQ/LABS/lab4/lab4.runs/impl_1/system_wrapper_placed.dcp' has been generated.
INFO: [runtcl-4] Executing : report_io -file system_wrapper_io_placed.rpt
report_io: Time (s): cpu = 00:00:00.19 ; elapsed = 00:00:00.24 . Memory (MB): peak = 2325.895 ; gain = 0.000 ; free physical = 138 ; free virtual = 3061
INFO: [runtcl-4] Executing : report_utilization -file system_wrapper_utilization_placed.rpt -pb system_wrapper_utilization_placed.pb
report_utilization: Time (s): cpu = 00:00:00.16 ; elapsed = 00:00:00.21 . Memory (MB): peak = 2325.895 ; gain = 0.000 ; free physical = 146 ; free virtual = 3070
INFO: [runtcl-4] Executing : report_control_sets -verbose -file system_wrapper_control_sets_placed.rpt
report_control_sets: Time (s): cpu = 00:00:00.11 ; elapsed = 00:00:00.16 . Memory (MB): peak = 2325.895 ; gain = 0.000 ; free physical = 145 ; free virtual = 3069
Command: route_design
Attempting to get a license for feature 'Implementation' and/or device 'xc7z020'
INFO: [Common 17-349] Got license for feature 'Implementation' and/or device 'xc7z020'
Running DRC as a precondition to command route_design
INFO: [DRC 23-27] Running DRC with 4 threads
INFO: [Vivado_Tcl 4-198] DRC finished with 0 Errors
INFO: [Vivado_Tcl 4-199] Please refer to the DRC report (report_drc) for more information.


Starting Routing Task
INFO: [Route 35-254] Multithreading enabled for route_design using a maximum of 4 CPUs
Checksum: PlaceDB: 4444e504 ConstDB: 0 ShapeSum: 951e24b8 RouteDB: 0

Phase 1 Build RT Design
Phase 1 Build RT Design | Checksum: 1041c9a71

Time (s): cpu = 00:00:34 ; elapsed = 00:00:28 . Memory (MB): peak = 2325.895 ; gain = 0.000 ; free physical = 116 ; free virtual = 2958
Post Restoration Checksum: NetGraph: b260a5b6 NumContArr: 51bbf4bb Constraints: 0 Timing: 0

Phase 2 Router Initialization

Phase 2.1 Create Timer
Phase 2.1 Create Timer | Checksum: 1041c9a71

Time (s): cpu = 00:00:34 ; elapsed = 00:00:28 . Memory (MB): peak = 2325.895 ; gain = 0.000 ; free physical = 116 ; free virtual = 2958

Phase 2.2 Fix Topology Constraints
Phase 2.2 Fix Topology Constraints | Checksum: 1041c9a71

Time (s): cpu = 00:00:35 ; elapsed = 00:00:28 . Memory (MB): peak = 2325.895 ; gain = 0.000 ; free physical = 100 ; free virtual = 2942

Phase 2.3 Pre Route Cleanup
Phase 2.3 Pre Route Cleanup | Checksum: 1041c9a71

Time (s): cpu = 00:00:35 ; elapsed = 00:00:28 . Memory (MB): peak = 2325.895 ; gain = 0.000 ; free physical = 100 ; free virtual = 2942
 Number of Nodes with overlaps = 0

Phase 2.4 Update Timing
Phase 2.4 Update Timing | Checksum: d133320d

Time (s): cpu = 00:00:37 ; elapsed = 00:00:29 . Memory (MB): peak = 2325.895 ; gain = 0.000 ; free physical = 116 ; free virtual = 2946
INFO: [Route 35-416] Intermediate Timing Summary | WNS=2.575  | TNS=0.000  | WHS=-0.224 | THS=-20.036|

Phase 2 Router Initialization | Checksum: 63ddb41e

Time (s): cpu = 00:00:37 ; elapsed = 00:00:29 . Memory (MB): peak = 2325.895 ; gain = 0.000 ; free physical = 116 ; free virtual = 2946

Phase 3 Initial Routing
Phase 3 Initial Routing | Checksum: 193f331fa

Time (s): cpu = 00:00:40 ; elapsed = 00:00:30 . Memory (MB): peak = 2325.895 ; gain = 0.000 ; free physical = 112 ; free virtual = 2942

Phase 4 Rip-up And Reroute

Phase 4.1 Global Iteration 0
 Number of Nodes with overlaps = 288
 Number of Nodes with overlaps = 3
 Number of Nodes with overlaps = 0
INFO: [Route 35-416] Intermediate Timing Summary | WNS=-2.026 | TNS=-4.086 | WHS=N/A    | THS=N/A    |

Phase 4.1 Global Iteration 0 | Checksum: 17021689d

Time (s): cpu = 00:00:44 ; elapsed = 00:00:32 . Memory (MB): peak = 2325.895 ; gain = 0.000 ; free physical = 109 ; free virtual = 2939

Phase 4.2 Global Iteration 1
 Number of Nodes with overlaps = 10
 Number of Nodes with overlaps = 5
 Number of Nodes with overlaps = 3
 Number of Nodes with overlaps = 1
 Number of Nodes with overlaps = 1
 Number of Nodes with overlaps = 1
 Number of Nodes with overlaps = 0
INFO: [Route 35-416] Intermediate Timing Summary | WNS=-1.667 | TNS=-2.484 | WHS=N/A    | THS=N/A    |

Phase 4.2 Global Iteration 1 | Checksum: 13103a017

Time (s): cpu = 00:00:47 ; elapsed = 00:00:33 . Memory (MB): peak = 2325.895 ; gain = 0.000 ; free physical = 108 ; free virtual = 2938

Phase 4.3 Global Iteration 2
 Number of Nodes with overlaps = 9
 Number of Nodes with overlaps = 1
 Number of Nodes with overlaps = 1
 Number of Nodes with overlaps = 0
INFO: [Route 35-416] Intermediate Timing Summary | WNS=-1.670 | TNS=-2.473 | WHS=N/A    | THS=N/A    |

Phase 4.3 Global Iteration 2 | Checksum: 1e791c278

Time (s): cpu = 00:00:48 ; elapsed = 00:00:34 . Memory (MB): peak = 2325.895 ; gain = 0.000 ; free physical = 109 ; free virtual = 2939
Phase 4 Rip-up And Reroute | Checksum: 1e791c278

Time (s): cpu = 00:00:48 ; elapsed = 00:00:34 . Memory (MB): peak = 2325.895 ; gain = 0.000 ; free physical = 109 ; free virtual = 2939

Phase 5 Delay and Skew Optimization

Phase 5.1 Delay CleanUp

Phase 5.1.1 Update Timing
Phase 5.1.1 Update Timing | Checksum: 1e791c278

Time (s): cpu = 00:00:48 ; elapsed = 00:00:34 . Memory (MB): peak = 2325.895 ; gain = 0.000 ; free physical = 108 ; free virtual = 2938
INFO: [Route 35-416] Intermediate Timing Summary | WNS=-1.667 | TNS=-2.484 | WHS=N/A    | THS=N/A    |

 Number of Nodes with overlaps = 0
Phase 5.1 Delay CleanUp | Checksum: e6cc106d

Time (s): cpu = 00:00:48 ; elapsed = 00:00:34 . Memory (MB): peak = 2325.895 ; gain = 0.000 ; free physical = 108 ; free virtual = 2938

Phase 5.2 Clock Skew Optimization
Phase 5.2 Clock Skew Optimization | Checksum: e6cc106d

Time (s): cpu = 00:00:48 ; elapsed = 00:00:34 . Memory (MB): peak = 2325.895 ; gain = 0.000 ; free physical = 108 ; free virtual = 2938
Phase 5 Delay and Skew Optimization | Checksum: e6cc106d

Time (s): cpu = 00:00:48 ; elapsed = 00:00:34 . Memory (MB): peak = 2325.895 ; gain = 0.000 ; free physical = 108 ; free virtual = 2938

Phase 6 Post Hold Fix

Phase 6.1 Hold Fix Iter

Phase 6.1.1 Update Timing
Phase 6.1.1 Update Timing | Checksum: cb241b9d

Time (s): cpu = 00:00:49 ; elapsed = 00:00:35 . Memory (MB): peak = 2325.895 ; gain = 0.000 ; free physical = 108 ; free virtual = 2938
INFO: [Route 35-416] Intermediate Timing Summary | WNS=-1.667 | TNS=-2.484 | WHS=-4.919 | THS=-829.069|


Phase 6.1.2 Lut RouteThru Assignment for hold
Phase 6.1.2 Lut RouteThru Assignment for hold | Checksum: 12ec23e33

Time (s): cpu = 00:23:31 ; elapsed = 00:08:47 . Memory (MB): peak = 3790.863 ; gain = 1464.969 ; free physical = 1040 ; free virtual = 2756
Phase 6.1 Hold Fix Iter | Checksum: 12ec23e33

Time (s): cpu = 00:23:31 ; elapsed = 00:08:47 . Memory (MB): peak = 3790.863 ; gain = 1464.969 ; free physical = 1040 ; free virtual = 2756

Phase 6.2 Additional Hold Fix
INFO: [Route 35-416] Intermediate Timing Summary | WNS=-3.046 | TNS=-171.428| WHS=-4.149 | THS=-376.692|

Phase 6.2 Additional Hold Fix | Checksum: 19c4317f5

Time (s): cpu = 00:37:11 ; elapsed = 00:13:42 . Memory (MB): peak = 3790.863 ; gain = 1464.969 ; free physical = 1036 ; free virtual = 2757
 Number of Nodes with overlaps = 15
 Number of Nodes with overlaps = 2
 Number of Nodes with overlaps = 0
WARNING: [Route 35-468] The router encountered 146 pins that are both setup-critical and hold-critical and tried to fix hold violations at the expense of setup slack. Such pins are:
	system_i/ps7_0_axi_periph/xbar/inst/gen_sasd.crossbar_sasd_0/addr_arbiter_inst/m_axi_bready[1]_INST_0/I4
	system_i/ps7_0_axi_periph/xbar/inst/gen_sasd.crossbar_sasd_0/addr_arbiter_inst/m_axi_bready[3]_INST_0/I4
	system_i/led_ip_0/inst/led_ip_v1_0_S_AXI_inst/U1/LED[3]_i_2/I4
	system_i/ps7_0_axi_periph/xbar/inst/gen_sasd.crossbar_sasd_0/addr_arbiter_inst/m_axi_arvalid[1]_INST_0/I2
	system_i/ps7_0_axi_periph/xbar/inst/gen_sasd.crossbar_sasd_0/addr_arbiter_inst/m_axi_wvalid[2]_INST_0/I3
	system_i/ps7_0_axi_periph/xbar/inst/gen_sasd.crossbar_sasd_0/addr_arbiter_inst/m_axi_wvalid[3]_INST_0/I3
	system_i/ps7_0_axi_periph/xbar/inst/gen_sasd.crossbar_sasd_0/addr_arbiter_inst/m_axi_arvalid[1]_INST_0/I1
	system_i/ps7_0_axi_periph/xbar/inst/gen_sasd.crossbar_sasd_0/addr_arbiter_inst/m_axi_bready[3]_INST_0/I0
	system_i/ps7_0_axi_periph/xbar/inst/gen_sasd.crossbar_sasd_0/addr_arbiter_inst/m_axi_wvalid[3]_INST_0/I0
	system_i/ps7_0_axi_periph/xbar/inst/gen_sasd.crossbar_sasd_0/addr_arbiter_inst/m_axi_arvalid[1]_INST_0/I3
	.. and 136 more pins.

Phase 6 Post Hold Fix | Checksum: 17c5ecca0

Time (s): cpu = 00:37:47 ; elapsed = 00:14:03 . Memory (MB): peak = 3790.863 ; gain = 1464.969 ; free physical = 1057 ; free virtual = 2780

Phase 7 Route finalize

Router Utilization Summary
  Global Vertical Routing Utilization    = 4.66242 %
  Global Horizontal Routing Utilization  = 3.09009 %
  Routable Net Status*
  *Does not include unroutable nets such as driverless and loadless.
  Run report_route_status for detailed report.
  Number of Failed Nets               = 0
  Number of Unrouted Nets             = 0
  Number of Partially Routed Nets     = 0
  Number of Node Overlaps             = 0

Congestion Report
North Dir 1x1 Area, Max Cong = 78.3784%, No Congested Regions.
South Dir 1x1 Area, Max Cong = 77.4775%, No Congested Regions.
East Dir 1x1 Area, Max Cong = 82.3529%, No Congested Regions.
West Dir 1x1 Area, Max Cong = 73.5294%, No Congested Regions.

------------------------------
Reporting congestion hotspots
------------------------------
Direction: North
----------------
Congested clusters found at Level 0
Effective congestion level: 0 Aspect Ratio: 1 Sparse Ratio: 0
Direction: South
----------------
Congested clusters found at Level 0
Effective congestion level: 0 Aspect Ratio: 1 Sparse Ratio: 0
Direction: East
----------------
Congested clusters found at Level 0
Effective congestion level: 0 Aspect Ratio: 1 Sparse Ratio: 0
Direction: West
----------------
Congested clusters found at Level 0
Effective congestion level: 0 Aspect Ratio: 1 Sparse Ratio: 0

Phase 7 Route finalize | Checksum: 19e3089b9

Time (s): cpu = 00:37:47 ; elapsed = 00:14:03 . Memory (MB): peak = 3790.863 ; gain = 1464.969 ; free physical = 1056 ; free virtual = 2780

Phase 8 Verifying routed nets

 Verification completed successfully
Phase 8 Verifying routed nets | Checksum: 19e3089b9

Time (s): cpu = 00:37:47 ; elapsed = 00:14:03 . Memory (MB): peak = 3790.863 ; gain = 1464.969 ; free physical = 1054 ; free virtual = 2779

Phase 9 Depositing Routes
Phase 9 Depositing Routes | Checksum: 18b135397

Time (s): cpu = 00:37:47 ; elapsed = 00:14:03 . Memory (MB): peak = 3790.863 ; gain = 1464.969 ; free physical = 1052 ; free virtual = 2781

Phase 10 Post Router Timing

Phase 10.1 Update Timing
Phase 10.1 Update Timing | Checksum: 177a5ed0c

Time (s): cpu = 00:37:48 ; elapsed = 00:14:04 . Memory (MB): peak = 3790.863 ; gain = 1464.969 ; free physical = 1054 ; free virtual = 2784
INFO: [Route 35-57] Estimated Timing Summary | WNS=-12.309| TNS=-360.805| WHS=0.039  | THS=0.000  |

WARNING: [Route 35-328] Router estimated timing not met.
Resolution: For a complete and accurate timing signoff, report_timing_summary must be run after route_design. Alternatively, route_design can be run with the -timing_summary option to enable a complete timing signoff at the end of route_design.
Phase 10 Post Router Timing | Checksum: 177a5ed0c

Time (s): cpu = 00:37:48 ; elapsed = 00:14:04 . Memory (MB): peak = 3790.863 ; gain = 1464.969 ; free physical = 1052 ; free virtual = 2784
INFO: [Route 35-16] Router Completed Successfully

Time (s): cpu = 00:37:48 ; elapsed = 00:14:04 . Memory (MB): peak = 3790.863 ; gain = 1464.969 ; free physical = 1131 ; free virtual = 2865

Routing Is Done.
INFO: [Common 17-83] Releasing license: Implementation
85 Infos, 2 Warnings, 0 Critical Warnings and 0 Errors encountered.
route_design completed successfully
route_design: Time (s): cpu = 00:37:54 ; elapsed = 00:14:07 . Memory (MB): peak = 3790.863 ; gain = 1464.969 ; free physical = 1119 ; free virtual = 2865
INFO: [Timing 38-480] Writing timing data to binary archive.
Writing placer database...
Writing XDEF routing.
Writing XDEF routing logical nets.
Writing XDEF routing special nets.
Write XDEF Complete: Time (s): cpu = 00:00:02 ; elapsed = 00:00:00.46 . Memory (MB): peak = 3806.871 ; gain = 0.000 ; free physical = 1093 ; free virtual = 2861
INFO: [Common 17-1381] The checkpoint '/home/peter/Documents/PYNQ/LABS/lab4/lab4.runs/impl_1/system_wrapper_routed.dcp' has been generated.
INFO: [runtcl-4] Executing : report_drc -file system_wrapper_drc_routed.rpt -pb system_wrapper_drc_routed.pb -rpx system_wrapper_drc_routed.rpx
Command: report_drc -file system_wrapper_drc_routed.rpt -pb system_wrapper_drc_routed.pb -rpx system_wrapper_drc_routed.rpx
INFO: [DRC 23-27] Running DRC with 4 threads
INFO: [Coretcl 2-168] The results of DRC are in file /home/peter/Documents/PYNQ/LABS/lab4/lab4.runs/impl_1/system_wrapper_drc_routed.rpt.
report_drc completed successfully
INFO: [runtcl-4] Executing : report_methodology -file system_wrapper_methodology_drc_routed.rpt -pb system_wrapper_methodology_drc_routed.pb -rpx system_wrapper_methodology_drc_routed.rpx
Command: report_methodology -file system_wrapper_methodology_drc_routed.rpt -pb system_wrapper_methodology_drc_routed.pb -rpx system_wrapper_methodology_drc_routed.rpx
INFO: [Timing 38-35] Done setting XDC timing constraints.
INFO: [Timing 38-35] Done setting XDC timing constraints.
INFO: [DRC 23-133] Running Methodology with 4 threads
INFO: [Coretcl 2-1520] The results of Report Methodology are in file /home/peter/Documents/PYNQ/LABS/lab4/lab4.runs/impl_1/system_wrapper_methodology_drc_routed.rpt.
report_methodology completed successfully
INFO: [runtcl-4] Executing : report_power -file system_wrapper_power_routed.rpt -pb system_wrapper_power_summary_routed.pb -rpx system_wrapper_power_routed.rpx
Command: report_power -file system_wrapper_power_routed.rpt -pb system_wrapper_power_summary_routed.pb -rpx system_wrapper_power_routed.rpx
INFO: [Timing 38-35] Done setting XDC timing constraints.
Running Vector-less Activity Propagation...

Finished Running Vector-less Activity Propagation
97 Infos, 2 Warnings, 0 Critical Warnings and 0 Errors encountered.
report_power completed successfully
INFO: [runtcl-4] Executing : report_route_status -file system_wrapper_route_status.rpt -pb system_wrapper_route_status.pb
INFO: [runtcl-4] Executing : report_timing_summary -max_paths 10 -file system_wrapper_timing_summary_routed.rpt -pb system_wrapper_timing_summary_routed.pb -rpx system_wrapper_timing_summary_routed.rpx -warn_on_violation 
INFO: [Timing 38-91] UpdateTimingParams: Speed grade: -1, Delay Type: min_max, Timing Stage: Requireds.
INFO: [Timing 38-191] Multithreading enabled for timing update using a maximum of 4 CPUs
CRITICAL WARNING: [Timing 38-282] The design failed to meet the timing requirements. Please see the timing summary report for details on the timing violations.
INFO: [runtcl-4] Executing : report_incremental_reuse -file system_wrapper_incremental_reuse_routed.rpt
INFO: [Vivado_Tcl 4-545] No incremental reuse to report, no incremental placement and routing data was found.
INFO: [runtcl-4] Executing : report_clock_utilization -file system_wrapper_clock_utilization_routed.rpt
INFO: [runtcl-4] Executing : report_bus_skew -warn_on_violation -file system_wrapper_bus_skew_routed.rpt -pb system_wrapper_bus_skew_routed.pb -rpx system_wrapper_bus_skew_routed.rpx
INFO: [Timing 38-91] UpdateTimingParams: Speed grade: -1, Delay Type: min_max, Timing Stage: Requireds.
INFO: [Timing 38-191] Multithreading enabled for timing update using a maximum of 4 CPUs
Command: write_bitstream -force system_wrapper.bit
Attempting to get a license for feature 'Implementation' and/or device 'xc7z020'
INFO: [Common 17-349] Got license for feature 'Implementation' and/or device 'xc7z020'
Running DRC as a precondition to command write_bitstream
INFO: [DRC 23-27] Running DRC with 4 threads
INFO: [Vivado 12-3199] DRC finished with 0 Errors
INFO: [Vivado 12-3200] Please refer to the DRC report (report_drc) for more information.
INFO: [Designutils 20-2272] Running write_bitstream with 4 threads.
Loading data files...
Loading site data...
Loading route data...
Processing options...
Creating bitmap...
Creating bitstream...
Writing bitstream ./system_wrapper.bit...
INFO: [Vivado 12-1842] Bitgen Completed Successfully.
INFO: [Project 1-120] WebTalk data collection is mandatory when using a WebPACK part without a full Vivado license. To see the specific WebTalk data collected for your design, open the usage_statistics_webtalk.html or usage_statistics_webtalk.xml file in the implementation directory.
INFO: [Common 17-83] Releasing license: Implementation
115 Infos, 2 Warnings, 1 Critical Warnings and 0 Errors encountered.
write_bitstream completed successfully
write_bitstream: Time (s): cpu = 00:00:41 ; elapsed = 00:00:33 . Memory (MB): peak = 3862.898 ; gain = 0.000 ; free physical = 928 ; free virtual = 2799
INFO: [Common 17-206] Exiting Vivado at Sat Jun 19 02:48:00 2021...
