
*** Running vivado
    with args -log system_math_ip_0_0.vds -m64 -product Vivado -mode batch -messageDb vivado.pb -notrace -source system_math_ip_0_0.tcl


****** Vivado v2018.2 (64-bit)
  **** SW Build 2258646 on Thu Jun 14 20:02:38 MDT 2018
  **** IP Build 2256618 on Thu Jun 14 22:10:49 MDT 2018
    ** Copyright 1986-2018 Xilinx, Inc. All Rights Reserved.

source system_math_ip_0_0.tcl -notrace
Command: synth_design -top system_math_ip_0_0 -part xc7z020clg400-1 -mode out_of_context
Starting synth_design
Attempting to get a license for feature 'Synthesis' and/or device 'xc7z020'
INFO: [Common 17-349] Got license for feature 'Synthesis' and/or device 'xc7z020'
INFO: Launching helper process for spawning children vivado processes
INFO: Helper process launched with PID 13516 
---------------------------------------------------------------------------------
Starting RTL Elaboration : Time (s): cpu = 00:00:03 ; elapsed = 00:00:04 . Memory (MB): peak = 1316.309 ; gain = 82.914 ; free physical = 664 ; free virtual = 2738
---------------------------------------------------------------------------------
INFO: [Synth 8-6157] synthesizing module 'system_math_ip_0_0' [/home/peter/Documents/PYNQ/LABS/lab5/lab5/lab5.srcs/sources_1/bd/system/ip/system_math_ip_0_0/synth/system_math_ip_0_0.v:57]
INFO: [Synth 8-6157] synthesizing module 'math_ip' [/home/peter/Documents/PYNQ/LABS/lab5/lab5/lab5.srcs/sources_1/bd/system/ipshared/b180/math_ip.srcs/sources_1/imports/lab2/math_ip.v:72]
	Parameter ADDR_LSB bound to: 2 - type: integer 
	Parameter ADDR_MSB bound to: 5 - type: integer 
INFO: [Synth 8-638] synthesizing module 'lab2_user_logic' [/home/peter/Documents/PYNQ/LABS/lab5/lab5/lab5.srcs/sources_1/bd/system/ipshared/b180/math_ip.srcs/sources_1/imports/lab2/lab2_user_logic.vhd:30]
INFO: [Synth 8-256] done synthesizing module 'lab2_user_logic' (1#1) [/home/peter/Documents/PYNQ/LABS/lab5/lab5/lab5.srcs/sources_1/bd/system/ipshared/b180/math_ip.srcs/sources_1/imports/lab2/lab2_user_logic.vhd:30]
WARNING: [Synth 8-689] width (32) of port connection 'ain' does not match port width (8) of module 'lab2_user_logic' [/home/peter/Documents/PYNQ/LABS/lab5/lab5/lab5.srcs/sources_1/bd/system/ipshared/b180/math_ip.srcs/sources_1/imports/lab2/math_ip.v:562]
WARNING: [Synth 8-689] width (32) of port connection 'bin' does not match port width (8) of module 'lab2_user_logic' [/home/peter/Documents/PYNQ/LABS/lab5/lab5/lab5.srcs/sources_1/bd/system/ipshared/b180/math_ip.srcs/sources_1/imports/lab2/math_ip.v:563]
INFO: [Synth 8-6155] done synthesizing module 'math_ip' (2#1) [/home/peter/Documents/PYNQ/LABS/lab5/lab5/lab5.srcs/sources_1/bd/system/ipshared/b180/math_ip.srcs/sources_1/imports/lab2/math_ip.v:72]
INFO: [Synth 8-6155] done synthesizing module 'system_math_ip_0_0' (3#1) [/home/peter/Documents/PYNQ/LABS/lab5/lab5/lab5.srcs/sources_1/bd/system/ip/system_math_ip_0_0/synth/system_math_ip_0_0.v:57]
---------------------------------------------------------------------------------
Finished RTL Elaboration : Time (s): cpu = 00:00:04 ; elapsed = 00:00:05 . Memory (MB): peak = 1360.934 ; gain = 127.539 ; free physical = 657 ; free virtual = 2733
---------------------------------------------------------------------------------

Report Check Netlist: 
+------+------------------+-------+---------+-------+------------------+
|      |Item              |Errors |Warnings |Status |Description       |
+------+------------------+-------+---------+-------+------------------+
|1     |multi_driven_nets |      0|        0|Passed |Multi driven nets |
+------+------------------+-------+---------+-------+------------------+
---------------------------------------------------------------------------------
Start Handling Custom Attributes
---------------------------------------------------------------------------------
---------------------------------------------------------------------------------
Finished Handling Custom Attributes : Time (s): cpu = 00:00:04 ; elapsed = 00:00:05 . Memory (MB): peak = 1360.934 ; gain = 127.539 ; free physical = 638 ; free virtual = 2718
---------------------------------------------------------------------------------
---------------------------------------------------------------------------------
Finished RTL Optimization Phase 1 : Time (s): cpu = 00:00:04 ; elapsed = 00:00:05 . Memory (MB): peak = 1360.934 ; gain = 127.539 ; free physical = 638 ; free virtual = 2718
---------------------------------------------------------------------------------
INFO: [Device 21-403] Loading part xc7z020clg400-1
INFO: [Project 1-570] Preparing netlist for logic optimization

Processing XDC Constraints
Initializing timing engine
Completed Processing XDC Constraints

INFO: [Project 1-111] Unisim Transformation Summary:
No Unisim elements were transformed.

WARNING: [Constraints 18-5210] No constraint will be written out.
Constraint Validation Runtime : Time (s): cpu = 00:00:00.12 ; elapsed = 00:00:00.21 . Memory (MB): peak = 1695.949 ; gain = 1.000 ; free physical = 112 ; free virtual = 2219
---------------------------------------------------------------------------------
Finished Constraint Validation : Time (s): cpu = 00:00:24 ; elapsed = 00:00:43 . Memory (MB): peak = 1695.949 ; gain = 462.555 ; free physical = 158 ; free virtual = 2265
---------------------------------------------------------------------------------
---------------------------------------------------------------------------------
Start Loading Part and Timing Information
---------------------------------------------------------------------------------
Loading part: xc7z020clg400-1
---------------------------------------------------------------------------------
Finished Loading Part and Timing Information : Time (s): cpu = 00:00:24 ; elapsed = 00:00:43 . Memory (MB): peak = 1695.949 ; gain = 462.555 ; free physical = 158 ; free virtual = 2265
---------------------------------------------------------------------------------
---------------------------------------------------------------------------------
Start Applying 'set_property' XDC Constraints
---------------------------------------------------------------------------------
---------------------------------------------------------------------------------
Finished applying 'set_property' XDC Constraints : Time (s): cpu = 00:00:24 ; elapsed = 00:00:43 . Memory (MB): peak = 1695.949 ; gain = 462.555 ; free physical = 160 ; free virtual = 2267
---------------------------------------------------------------------------------
---------------------------------------------------------------------------------
Finished RTL Optimization Phase 2 : Time (s): cpu = 00:00:24 ; elapsed = 00:00:43 . Memory (MB): peak = 1695.949 ; gain = 462.555 ; free physical = 150 ; free virtual = 2257
---------------------------------------------------------------------------------

Report RTL Partitions: 
+-+--------------+------------+----------+
| |RTL Partition |Replication |Instances |
+-+--------------+------------+----------+
+-+--------------+------------+----------+
---------------------------------------------------------------------------------
Start RTL Component Statistics 
---------------------------------------------------------------------------------
Detailed RTL Component Info : 
+---Adders : 
	   2 Input      9 Bit       Adders := 1     
+---Registers : 
	               32 Bit    Registers := 3     
	                9 Bit    Registers := 1     
	                5 Bit    Registers := 2     
	                2 Bit    Registers := 2     
	                1 Bit    Registers := 5     
+---Muxes : 
	   2 Input     32 Bit        Muxes := 8     
	   2 Input      8 Bit        Muxes := 2     
	   2 Input      1 Bit        Muxes := 4     
---------------------------------------------------------------------------------
Finished RTL Component Statistics 
---------------------------------------------------------------------------------
---------------------------------------------------------------------------------
Start RTL Hierarchical Component Statistics 
---------------------------------------------------------------------------------
Hierarchical RTL Component report 
Module lab2_user_logic 
Detailed RTL Component Info : 
+---Adders : 
	   2 Input      9 Bit       Adders := 1     
+---Registers : 
	                9 Bit    Registers := 1     
+---Muxes : 
	   2 Input      8 Bit        Muxes := 2     
Module math_ip 
Detailed RTL Component Info : 
+---Registers : 
	               32 Bit    Registers := 3     
	                5 Bit    Registers := 2     
	                2 Bit    Registers := 2     
	                1 Bit    Registers := 5     
+---Muxes : 
	   2 Input     32 Bit        Muxes := 8     
	   2 Input      1 Bit        Muxes := 4     
---------------------------------------------------------------------------------
Finished RTL Hierarchical Component Statistics
---------------------------------------------------------------------------------
---------------------------------------------------------------------------------
Start Part Resource Summary
---------------------------------------------------------------------------------
Part Resources:
DSPs: 220 (col length:60)
BRAMs: 280 (col length: RAMB18 60 RAMB36 30)
---------------------------------------------------------------------------------
Finished Part Resource Summary
---------------------------------------------------------------------------------
---------------------------------------------------------------------------------
Start Cross Boundary and Area Optimization
---------------------------------------------------------------------------------
Warning: Parallel synthesis criteria is not met 
INFO: [Synth 8-3886] merging instance 'inst/axi_rresp_reg[0]' (FDRE) to 'inst/axi_rresp_reg[1]'
INFO: [Synth 8-3333] propagating constant 0 across sequential element (\inst/axi_rresp_reg[1] )
INFO: [Synth 8-3886] merging instance 'inst/axi_bresp_reg[0]' (FDRE) to 'inst/axi_bresp_reg[1]'
INFO: [Synth 8-3333] propagating constant 0 across sequential element (\inst/axi_bresp_reg[1] )
INFO: [Synth 8-3332] Sequential element (inst/axi_bresp_reg[1]) is unused and will be removed from module system_math_ip_0_0.
INFO: [Synth 8-3332] Sequential element (inst/axi_awaddr_reg[1]) is unused and will be removed from module system_math_ip_0_0.
INFO: [Synth 8-3332] Sequential element (inst/axi_awaddr_reg[0]) is unused and will be removed from module system_math_ip_0_0.
INFO: [Synth 8-3332] Sequential element (inst/slv_reg0_reg[31]) is unused and will be removed from module system_math_ip_0_0.
INFO: [Synth 8-3332] Sequential element (inst/slv_reg0_reg[30]) is unused and will be removed from module system_math_ip_0_0.
INFO: [Synth 8-3332] Sequential element (inst/slv_reg0_reg[29]) is unused and will be removed from module system_math_ip_0_0.
INFO: [Synth 8-3332] Sequential element (inst/slv_reg0_reg[28]) is unused and will be removed from module system_math_ip_0_0.
INFO: [Synth 8-3332] Sequential element (inst/slv_reg0_reg[27]) is unused and will be removed from module system_math_ip_0_0.
INFO: [Synth 8-3332] Sequential element (inst/slv_reg0_reg[26]) is unused and will be removed from module system_math_ip_0_0.
INFO: [Synth 8-3332] Sequential element (inst/slv_reg0_reg[25]) is unused and will be removed from module system_math_ip_0_0.
INFO: [Synth 8-3332] Sequential element (inst/slv_reg0_reg[24]) is unused and will be removed from module system_math_ip_0_0.
INFO: [Synth 8-3332] Sequential element (inst/slv_reg0_reg[23]) is unused and will be removed from module system_math_ip_0_0.
INFO: [Synth 8-3332] Sequential element (inst/slv_reg0_reg[22]) is unused and will be removed from module system_math_ip_0_0.
INFO: [Synth 8-3332] Sequential element (inst/slv_reg0_reg[21]) is unused and will be removed from module system_math_ip_0_0.
INFO: [Synth 8-3332] Sequential element (inst/slv_reg0_reg[20]) is unused and will be removed from module system_math_ip_0_0.
INFO: [Synth 8-3332] Sequential element (inst/slv_reg0_reg[19]) is unused and will be removed from module system_math_ip_0_0.
INFO: [Synth 8-3332] Sequential element (inst/slv_reg0_reg[18]) is unused and will be removed from module system_math_ip_0_0.
INFO: [Synth 8-3332] Sequential element (inst/slv_reg0_reg[17]) is unused and will be removed from module system_math_ip_0_0.
INFO: [Synth 8-3332] Sequential element (inst/slv_reg0_reg[16]) is unused and will be removed from module system_math_ip_0_0.
INFO: [Synth 8-3332] Sequential element (inst/slv_reg0_reg[15]) is unused and will be removed from module system_math_ip_0_0.
INFO: [Synth 8-3332] Sequential element (inst/slv_reg0_reg[14]) is unused and will be removed from module system_math_ip_0_0.
INFO: [Synth 8-3332] Sequential element (inst/slv_reg0_reg[13]) is unused and will be removed from module system_math_ip_0_0.
INFO: [Synth 8-3332] Sequential element (inst/slv_reg0_reg[12]) is unused and will be removed from module system_math_ip_0_0.
INFO: [Synth 8-3332] Sequential element (inst/slv_reg0_reg[11]) is unused and will be removed from module system_math_ip_0_0.
INFO: [Synth 8-3332] Sequential element (inst/slv_reg0_reg[10]) is unused and will be removed from module system_math_ip_0_0.
INFO: [Synth 8-3332] Sequential element (inst/slv_reg0_reg[9]) is unused and will be removed from module system_math_ip_0_0.
INFO: [Synth 8-3332] Sequential element (inst/slv_reg0_reg[8]) is unused and will be removed from module system_math_ip_0_0.
INFO: [Synth 8-3332] Sequential element (inst/axi_araddr_reg[1]) is unused and will be removed from module system_math_ip_0_0.
INFO: [Synth 8-3332] Sequential element (inst/axi_araddr_reg[0]) is unused and will be removed from module system_math_ip_0_0.
INFO: [Synth 8-3332] Sequential element (inst/axi_rresp_reg[1]) is unused and will be removed from module system_math_ip_0_0.
---------------------------------------------------------------------------------
Finished Cross Boundary and Area Optimization : Time (s): cpu = 00:00:24 ; elapsed = 00:00:44 . Memory (MB): peak = 1695.949 ; gain = 462.555 ; free physical = 130 ; free virtual = 2239
---------------------------------------------------------------------------------

Report RTL Partitions: 
+-+--------------+------------+----------+
| |RTL Partition |Replication |Instances |
+-+--------------+------------+----------+
+-+--------------+------------+----------+
---------------------------------------------------------------------------------
Start Applying XDC Timing Constraints
---------------------------------------------------------------------------------
---------------------------------------------------------------------------------
Finished Applying XDC Timing Constraints : Time (s): cpu = 00:00:35 ; elapsed = 00:00:58 . Memory (MB): peak = 1695.949 ; gain = 462.555 ; free physical = 132 ; free virtual = 2054
---------------------------------------------------------------------------------
---------------------------------------------------------------------------------
Start Timing Optimization
---------------------------------------------------------------------------------
---------------------------------------------------------------------------------
Finished Timing Optimization : Time (s): cpu = 00:00:35 ; elapsed = 00:00:58 . Memory (MB): peak = 1695.949 ; gain = 462.555 ; free physical = 132 ; free virtual = 2054
---------------------------------------------------------------------------------

Report RTL Partitions: 
+-+--------------+------------+----------+
| |RTL Partition |Replication |Instances |
+-+--------------+------------+----------+
+-+--------------+------------+----------+
---------------------------------------------------------------------------------
Start Technology Mapping
---------------------------------------------------------------------------------
---------------------------------------------------------------------------------
Finished Technology Mapping : Time (s): cpu = 00:00:35 ; elapsed = 00:00:58 . Memory (MB): peak = 1695.949 ; gain = 462.555 ; free physical = 132 ; free virtual = 2054
---------------------------------------------------------------------------------

Report RTL Partitions: 
+-+--------------+------------+----------+
| |RTL Partition |Replication |Instances |
+-+--------------+------------+----------+
+-+--------------+------------+----------+
---------------------------------------------------------------------------------
Start IO Insertion
---------------------------------------------------------------------------------
---------------------------------------------------------------------------------
Start Flattening Before IO Insertion
---------------------------------------------------------------------------------
---------------------------------------------------------------------------------
Finished Flattening Before IO Insertion
---------------------------------------------------------------------------------
---------------------------------------------------------------------------------
Start Final Netlist Cleanup
---------------------------------------------------------------------------------
---------------------------------------------------------------------------------
Finished Final Netlist Cleanup
---------------------------------------------------------------------------------
---------------------------------------------------------------------------------
Finished IO Insertion : Time (s): cpu = 00:00:36 ; elapsed = 00:00:59 . Memory (MB): peak = 1695.949 ; gain = 462.555 ; free physical = 131 ; free virtual = 2053
---------------------------------------------------------------------------------

Report Check Netlist: 
+------+------------------+-------+---------+-------+------------------+
|      |Item              |Errors |Warnings |Status |Description       |
+------+------------------+-------+---------+-------+------------------+
|1     |multi_driven_nets |      0|        0|Passed |Multi driven nets |
+------+------------------+-------+---------+-------+------------------+
---------------------------------------------------------------------------------
Start Renaming Generated Instances
---------------------------------------------------------------------------------
---------------------------------------------------------------------------------
Finished Renaming Generated Instances : Time (s): cpu = 00:00:36 ; elapsed = 00:00:59 . Memory (MB): peak = 1695.949 ; gain = 462.555 ; free physical = 131 ; free virtual = 2053
---------------------------------------------------------------------------------

Report RTL Partitions: 
+-+--------------+------------+----------+
| |RTL Partition |Replication |Instances |
+-+--------------+------------+----------+
+-+--------------+------------+----------+
---------------------------------------------------------------------------------
Start Rebuilding User Hierarchy
---------------------------------------------------------------------------------
---------------------------------------------------------------------------------
Finished Rebuilding User Hierarchy : Time (s): cpu = 00:00:36 ; elapsed = 00:00:59 . Memory (MB): peak = 1695.949 ; gain = 462.555 ; free physical = 131 ; free virtual = 2053
---------------------------------------------------------------------------------
---------------------------------------------------------------------------------
Start Renaming Generated Ports
---------------------------------------------------------------------------------
---------------------------------------------------------------------------------
Finished Renaming Generated Ports : Time (s): cpu = 00:00:36 ; elapsed = 00:00:59 . Memory (MB): peak = 1695.949 ; gain = 462.555 ; free physical = 131 ; free virtual = 2053
---------------------------------------------------------------------------------
---------------------------------------------------------------------------------
Start Handling Custom Attributes
---------------------------------------------------------------------------------
---------------------------------------------------------------------------------
Finished Handling Custom Attributes : Time (s): cpu = 00:00:36 ; elapsed = 00:00:59 . Memory (MB): peak = 1695.949 ; gain = 462.555 ; free physical = 131 ; free virtual = 2053
---------------------------------------------------------------------------------
---------------------------------------------------------------------------------
Start Renaming Generated Nets
---------------------------------------------------------------------------------
---------------------------------------------------------------------------------
Finished Renaming Generated Nets : Time (s): cpu = 00:00:36 ; elapsed = 00:00:59 . Memory (MB): peak = 1695.949 ; gain = 462.555 ; free physical = 131 ; free virtual = 2053
---------------------------------------------------------------------------------
---------------------------------------------------------------------------------
Start Writing Synthesis Report
---------------------------------------------------------------------------------

Report BlackBoxes: 
+-+--------------+----------+
| |BlackBox name |Instances |
+-+--------------+----------+
+-+--------------+----------+

Report Cell Usage: 
+------+-------+------+
|      |Cell   |Count |
+------+-------+------+
|1     |CARRY4 |     3|
|2     |LUT1   |     1|
|3     |LUT2   |     1|
|4     |LUT3   |    11|
|5     |LUT4   |    28|
|6     |LUT5   |    25|
|7     |LUT6   |     1|
|8     |FDRE   |    92|
+------+-------+------+

Report Instance Areas: 
+------+---------+----------------+------+
|      |Instance |Module          |Cells |
+------+---------+----------------+------+
|1     |top      |                |   162|
|2     |  inst   |math_ip         |   162|
|3     |    U1   |lab2_user_logic |    29|
+------+---------+----------------+------+
---------------------------------------------------------------------------------
Finished Writing Synthesis Report : Time (s): cpu = 00:00:36 ; elapsed = 00:00:59 . Memory (MB): peak = 1695.949 ; gain = 462.555 ; free physical = 131 ; free virtual = 2053
---------------------------------------------------------------------------------
Synthesis finished with 0 errors, 0 critical warnings and 0 warnings.
Synthesis Optimization Runtime : Time (s): cpu = 00:00:20 ; elapsed = 00:00:26 . Memory (MB): peak = 1695.949 ; gain = 127.539 ; free physical = 188 ; free virtual = 2109
Synthesis Optimization Complete : Time (s): cpu = 00:00:36 ; elapsed = 00:01:00 . Memory (MB): peak = 1695.957 ; gain = 462.555 ; free physical = 199 ; free virtual = 2120
INFO: [Project 1-571] Translating synthesized netlist
INFO: [Netlist 29-17] Analyzing 3 Unisim elements for replacement
INFO: [Netlist 29-28] Unisim Transformation completed in 0 CPU seconds
INFO: [Project 1-570] Preparing netlist for logic optimization
INFO: [Opt 31-138] Pushed 0 inverter(s) to 0 load pin(s).
INFO: [Project 1-111] Unisim Transformation Summary:
No Unisim elements were transformed.

INFO: [Common 17-83] Releasing license: Synthesis
51 Infos, 3 Warnings, 0 Critical Warnings and 0 Errors encountered.
synth_design completed successfully
synth_design: Time (s): cpu = 00:00:39 ; elapsed = 00:01:01 . Memory (MB): peak = 1695.957 ; gain = 474.102 ; free physical = 177 ; free virtual = 2103
WARNING: [Constraints 18-5210] No constraint will be written out.
INFO: [Common 17-1381] The checkpoint '/home/peter/Documents/PYNQ/LABS/lab5/lab5/lab5.runs/system_math_ip_0_0_synth_1/system_math_ip_0_0.dcp' has been generated.
INFO: [Coretcl 2-1482] Added synthesis output to IP cache for IP /home/peter/Documents/PYNQ/LABS/lab5/lab5/lab5.srcs/sources_1/bd/system/ip/system_math_ip_0_0/system_math_ip_0_0.xci
INFO: [Coretcl 2-1174] Renamed 2 cell refs.
WARNING: [Constraints 18-5210] No constraint will be written out.
INFO: [Common 17-1381] The checkpoint '/home/peter/Documents/PYNQ/LABS/lab5/lab5/lab5.runs/system_math_ip_0_0_synth_1/system_math_ip_0_0.dcp' has been generated.
INFO: [runtcl-4] Executing : report_utilization -file system_math_ip_0_0_utilization_synth.rpt -pb system_math_ip_0_0_utilization_synth.pb
report_utilization: Time (s): cpu = 00:00:00.15 ; elapsed = 00:00:00.19 . Memory (MB): peak = 1719.961 ; gain = 0.000 ; free physical = 176 ; free virtual = 2104
INFO: [Common 17-206] Exiting Vivado at Sat Jun 19 12:04:01 2021...
